2014-11-04 00:26:05,714 [qtp726359661-23 ] [          ] ERROR restx.StdRestxMainRouter - request raised NullPointerException: null
java.lang.NullPointerException: null
	at com.google.common.base.Preconditions.checkNotNull(Preconditions.java:213) ~[guava-17.0.jar:na]
	at com.google.common.base.Optional.of(Optional.java:85) ~[guava-17.0.jar:na]
	at myapp.rest.HelloResourceRouter$3.doRoute(HelloResourceRouter.java:109) ~[na:na]
	at myapp.rest.HelloResourceRouter$3.doRoute(HelloResourceRouter.java:105) ~[na:na]
	at restx.entity.StdEntityRoute.handle(StdEntityRoute.java:139) ~[restx-core-0.33.1.jar:na]
	at restx.RestxHandlerMatch.handle(RestxHandlerMatch.java:56) ~[restx-core-0.33.1.jar:na]
	at restx.ResponseCloserFilter.handle(ResponseCloserFilter.java:28) ~[restx-core-0.33.1.jar:na]
	at restx.RestxHandlerMatch.handle(RestxHandlerMatch.java:56) ~[restx-core-0.33.1.jar:na]
	at restx.CacheFilter$1.handle(CacheFilter.java:51) ~[restx-core-0.33.1.jar:na]
	at restx.RestxHandlerMatch.handle(RestxHandlerMatch.java:56) ~[restx-core-0.33.1.jar:na]
	at restx.security.RestxSessionLogFilter.handle(RestxSessionLogFilter.java:43) ~[restx-core-0.33.1.jar:na]
	at restx.RestxHandlerMatch.handle(RestxHandlerMatch.java:56) ~[restx-core-0.33.1.jar:na]
	at restx.security.RestxSessionCookieFilter.handle(RestxSessionCookieFilter.java:99) ~[restx-core-0.33.1.jar:na]
	at restx.RestxHandlerMatch.handle(RestxHandlerMatch.java:56) ~[restx-core-0.33.1.jar:na]
	at restx.stats.RestxStatsCollectionFilter.handle(RestxStatsCollectionFilter.java:39) ~[restx-stats-admin-0.33.1.jar:na]
	at restx.RestxHandlerMatch.handle(RestxHandlerMatch.java:56) ~[restx-core-0.33.1.jar:na]
	at restx.StdRestxMainRouter.route(StdRestxMainRouter.java:152) ~[restx-core-0.33.1.jar:na]
	at restx.RestxMainRouterFactory$PerRequestFactoryLoader.route(RestxMainRouterFactory.java:217) [restx-core-0.33.1.jar:na]
	at restx.RestxMainRouterFactory$RecordingMainRouter.route(RestxMainRouterFactory.java:174) [restx-core-0.33.1.jar:na]
	at restx.RestxMainRouterFactory$CompilationManagerRouter.route(RestxMainRouterFactory.java:326) [restx-core-0.33.1.jar:na]
	at restx.servlet.AbstractRestxMainRouterServlet.service(AbstractRestxMainRouterServlet.java:48) [restx-servlet-0.33.1.jar:na]
	at javax.servlet.http.HttpServlet.service(HttpServlet.java:770) [javax.servlet-api-3.0.1.jar:3.0.1]
	at org.eclipse.jetty.servlet.ServletHolder.handle(ServletHolder.java:669) [jetty-servlet-8.1.8.v20121106.jar:8.1.8.v20121106]
	at org.eclipse.jetty.servlet.ServletHandler.doHandle(ServletHandler.java:455) [jetty-servlet-8.1.8.v20121106.jar:8.1.8.v20121106]
	at org.eclipse.jetty.server.handler.ScopedHandler.handle(ScopedHandler.java:137) [jetty-server-8.1.8.v20121106.jar:8.1.8.v20121106]
	at org.eclipse.jetty.security.SecurityHandler.handle(SecurityHandler.java:536) [jetty-security-8.1.8.v20121106.jar:8.1.8.v20121106]
	at org.eclipse.jetty.server.session.SessionHandler.doHandle(SessionHandler.java:231) [jetty-server-8.1.8.v20121106.jar:8.1.8.v20121106]
	at org.eclipse.jetty.server.handler.ContextHandler.doHandle(ContextHandler.java:1072) [jetty-server-8.1.8.v20121106.jar:8.1.8.v20121106]
	at org.eclipse.jetty.servlet.ServletHandler.doScope(ServletHandler.java:382) [jetty-servlet-8.1.8.v20121106.jar:8.1.8.v20121106]
	at org.eclipse.jetty.server.session.SessionHandler.doScope(SessionHandler.java:193) [jetty-server-8.1.8.v20121106.jar:8.1.8.v20121106]
	at org.eclipse.jetty.server.handler.ContextHandler.doScope(ContextHandler.java:1006) [jetty-server-8.1.8.v20121106.jar:8.1.8.v20121106]
	at org.eclipse.jetty.server.handler.ScopedHandler.handle(ScopedHandler.java:135) [jetty-server-8.1.8.v20121106.jar:8.1.8.v20121106]
	at org.eclipse.jetty.server.handler.HandlerList.handle(HandlerList.java:52) [jetty-server-8.1.8.v20121106.jar:8.1.8.v20121106]
	at org.eclipse.jetty.server.handler.HandlerCollection.handle(HandlerCollection.java:154) [jetty-server-8.1.8.v20121106.jar:8.1.8.v20121106]
	at org.eclipse.jetty.server.handler.HandlerWrapper.handle(HandlerWrapper.java:116) [jetty-server-8.1.8.v20121106.jar:8.1.8.v20121106]
	at org.eclipse.jetty.server.Server.handle(Server.java:365) [jetty-server-8.1.8.v20121106.jar:8.1.8.v20121106]
	at org.eclipse.jetty.server.AbstractHttpConnection.handleRequest(AbstractHttpConnection.java:485) [jetty-server-8.1.8.v20121106.jar:8.1.8.v20121106]
	at org.eclipse.jetty.server.AbstractHttpConnection.content(AbstractHttpConnection.java:937) [jetty-server-8.1.8.v20121106.jar:8.1.8.v20121106]
	at org.eclipse.jetty.server.AbstractHttpConnection$RequestHandler.content(AbstractHttpConnection.java:998) [jetty-server-8.1.8.v20121106.jar:8.1.8.v20121106]
	at org.eclipse.jetty.http.HttpParser.parseNext(HttpParser.java:856) [jetty-http-8.1.8.v20121106.jar:8.1.8.v20121106]
	at org.eclipse.jetty.http.HttpParser.parseAvailable(HttpParser.java:240) [jetty-http-8.1.8.v20121106.jar:8.1.8.v20121106]
	at org.eclipse.jetty.server.AsyncHttpConnection.handle(AsyncHttpConnection.java:82) [jetty-server-8.1.8.v20121106.jar:8.1.8.v20121106]
	at org.eclipse.jetty.io.nio.SelectChannelEndPoint.handle(SelectChannelEndPoint.java:628) [jetty-io-8.1.8.v20121106.jar:8.1.8.v20121106]
	at org.eclipse.jetty.io.nio.SelectChannelEndPoint$1.run(SelectChannelEndPoint.java:52) [jetty-io-8.1.8.v20121106.jar:8.1.8.v20121106]
	at org.eclipse.jetty.util.thread.QueuedThreadPool.runJob(QueuedThreadPool.java:608) [jetty-util-8.1.8.v20121106.jar:8.1.8.v20121106]
	at org.eclipse.jetty.util.thread.QueuedThreadPool$3.run(QueuedThreadPool.java:543) [jetty-util-8.1.8.v20121106.jar:8.1.8.v20121106]
	at java.lang.Thread.run(Thread.java:745) [na:1.7.0_67]
2014-11-04 00:26:12,447 [qtp726359661-23 ] [          ] ERROR restx.StdRestxMainRouter - request raised NullPointerException: null
java.lang.NullPointerException: null
	at com.google.common.base.Preconditions.checkNotNull(Preconditions.java:213) ~[guava-17.0.jar:na]
	at com.google.common.base.Optional.of(Optional.java:85) ~[guava-17.0.jar:na]
	at myapp.rest.HelloResourceRouter$3.doRoute(HelloResourceRouter.java:109) ~[na:na]
	at myapp.rest.HelloResourceRouter$3.doRoute(HelloResourceRouter.java:105) ~[na:na]
	at restx.entity.StdEntityRoute.handle(StdEntityRoute.java:139) ~[restx-core-0.33.1.jar:na]
	at restx.RestxHandlerMatch.handle(RestxHandlerMatch.java:56) ~[restx-core-0.33.1.jar:na]
	at restx.ResponseCloserFilter.handle(ResponseCloserFilter.java:28) ~[restx-core-0.33.1.jar:na]
	at restx.RestxHandlerMatch.handle(RestxHandlerMatch.java:56) ~[restx-core-0.33.1.jar:na]
	at restx.CacheFilter$1.handle(CacheFilter.java:51) ~[restx-core-0.33.1.jar:na]
	at restx.RestxHandlerMatch.handle(RestxHandlerMatch.java:56) ~[restx-core-0.33.1.jar:na]
	at restx.security.RestxSessionLogFilter.handle(RestxSessionLogFilter.java:43) ~[restx-core-0.33.1.jar:na]
	at restx.RestxHandlerMatch.handle(RestxHandlerMatch.java:56) ~[restx-core-0.33.1.jar:na]
	at restx.security.RestxSessionCookieFilter.handle(RestxSessionCookieFilter.java:99) ~[restx-core-0.33.1.jar:na]
	at restx.RestxHandlerMatch.handle(RestxHandlerMatch.java:56) ~[restx-core-0.33.1.jar:na]
	at restx.stats.RestxStatsCollectionFilter.handle(RestxStatsCollectionFilter.java:39) ~[restx-stats-admin-0.33.1.jar:na]
	at restx.RestxHandlerMatch.handle(RestxHandlerMatch.java:56) ~[restx-core-0.33.1.jar:na]
	at restx.StdRestxMainRouter.route(StdRestxMainRouter.java:152) ~[restx-core-0.33.1.jar:na]
	at restx.RestxMainRouterFactory$PerRequestFactoryLoader.route(RestxMainRouterFactory.java:217) [restx-core-0.33.1.jar:na]
	at restx.RestxMainRouterFactory$RecordingMainRouter.route(RestxMainRouterFactory.java:174) [restx-core-0.33.1.jar:na]
	at restx.RestxMainRouterFactory$CompilationManagerRouter.route(RestxMainRouterFactory.java:326) [restx-core-0.33.1.jar:na]
	at restx.servlet.AbstractRestxMainRouterServlet.service(AbstractRestxMainRouterServlet.java:48) [restx-servlet-0.33.1.jar:na]
	at javax.servlet.http.HttpServlet.service(HttpServlet.java:770) [javax.servlet-api-3.0.1.jar:3.0.1]
	at org.eclipse.jetty.servlet.ServletHolder.handle(ServletHolder.java:669) [jetty-servlet-8.1.8.v20121106.jar:8.1.8.v20121106]
	at org.eclipse.jetty.servlet.ServletHandler.doHandle(ServletHandler.java:455) [jetty-servlet-8.1.8.v20121106.jar:8.1.8.v20121106]
	at org.eclipse.jetty.server.handler.ScopedHandler.handle(ScopedHandler.java:137) [jetty-server-8.1.8.v20121106.jar:8.1.8.v20121106]
	at org.eclipse.jetty.security.SecurityHandler.handle(SecurityHandler.java:536) [jetty-security-8.1.8.v20121106.jar:8.1.8.v20121106]
	at org.eclipse.jetty.server.session.SessionHandler.doHandle(SessionHandler.java:231) [jetty-server-8.1.8.v20121106.jar:8.1.8.v20121106]
	at org.eclipse.jetty.server.handler.ContextHandler.doHandle(ContextHandler.java:1072) [jetty-server-8.1.8.v20121106.jar:8.1.8.v20121106]
	at org.eclipse.jetty.servlet.ServletHandler.doScope(ServletHandler.java:382) [jetty-servlet-8.1.8.v20121106.jar:8.1.8.v20121106]
	at org.eclipse.jetty.server.session.SessionHandler.doScope(SessionHandler.java:193) [jetty-server-8.1.8.v20121106.jar:8.1.8.v20121106]
	at org.eclipse.jetty.server.handler.ContextHandler.doScope(ContextHandler.java:1006) [jetty-server-8.1.8.v20121106.jar:8.1.8.v20121106]
	at org.eclipse.jetty.server.handler.ScopedHandler.handle(ScopedHandler.java:135) [jetty-server-8.1.8.v20121106.jar:8.1.8.v20121106]
	at org.eclipse.jetty.server.handler.HandlerList.handle(HandlerList.java:52) [jetty-server-8.1.8.v20121106.jar:8.1.8.v20121106]
	at org.eclipse.jetty.server.handler.HandlerCollection.handle(HandlerCollection.java:154) [jetty-server-8.1.8.v20121106.jar:8.1.8.v20121106]
	at org.eclipse.jetty.server.handler.HandlerWrapper.handle(HandlerWrapper.java:116) [jetty-server-8.1.8.v20121106.jar:8.1.8.v20121106]
	at org.eclipse.jetty.server.Server.handle(Server.java:365) [jetty-server-8.1.8.v20121106.jar:8.1.8.v20121106]
	at org.eclipse.jetty.server.AbstractHttpConnection.handleRequest(AbstractHttpConnection.java:485) [jetty-server-8.1.8.v20121106.jar:8.1.8.v20121106]
	at org.eclipse.jetty.server.AbstractHttpConnection.content(AbstractHttpConnection.java:937) [jetty-server-8.1.8.v20121106.jar:8.1.8.v20121106]
	at org.eclipse.jetty.server.AbstractHttpConnection$RequestHandler.content(AbstractHttpConnection.java:998) [jetty-server-8.1.8.v20121106.jar:8.1.8.v20121106]
	at org.eclipse.jetty.http.HttpParser.parseNext(HttpParser.java:856) [jetty-http-8.1.8.v20121106.jar:8.1.8.v20121106]
	at org.eclipse.jetty.http.HttpParser.parseAvailable(HttpParser.java:240) [jetty-http-8.1.8.v20121106.jar:8.1.8.v20121106]
	at org.eclipse.jetty.server.AsyncHttpConnection.handle(AsyncHttpConnection.java:82) [jetty-server-8.1.8.v20121106.jar:8.1.8.v20121106]
	at org.eclipse.jetty.io.nio.SelectChannelEndPoint.handle(SelectChannelEndPoint.java:628) [jetty-io-8.1.8.v20121106.jar:8.1.8.v20121106]
	at org.eclipse.jetty.io.nio.SelectChannelEndPoint$1.run(SelectChannelEndPoint.java:52) [jetty-io-8.1.8.v20121106.jar:8.1.8.v20121106]
	at org.eclipse.jetty.util.thread.QueuedThreadPool.runJob(QueuedThreadPool.java:608) [jetty-util-8.1.8.v20121106.jar:8.1.8.v20121106]
	at org.eclipse.jetty.util.thread.QueuedThreadPool$3.run(QueuedThreadPool.java:543) [jetty-util-8.1.8.v20121106.jar:8.1.8.v20121106]
	at java.lang.Thread.run(Thread.java:745) [na:1.7.0_67]
2014-11-04 00:27:42,449 [qtp726359661-25 ] [          ] ERROR restx.StdRestxMainRouter - request raised NullPointerException: null
java.lang.NullPointerException: null
	at com.google.common.base.Preconditions.checkNotNull(Preconditions.java:213) ~[guava-17.0.jar:na]
	at com.google.common.base.Optional.of(Optional.java:85) ~[guava-17.0.jar:na]
	at myapp.rest.HelloResourceRouter$3.doRoute(HelloResourceRouter.java:109) ~[na:na]
	at myapp.rest.HelloResourceRouter$3.doRoute(HelloResourceRouter.java:105) ~[na:na]
	at restx.entity.StdEntityRoute.handle(StdEntityRoute.java:139) ~[restx-core-0.33.1.jar:na]
	at restx.RestxHandlerMatch.handle(RestxHandlerMatch.java:56) ~[restx-core-0.33.1.jar:na]
	at restx.ResponseCloserFilter.handle(ResponseCloserFilter.java:28) ~[restx-core-0.33.1.jar:na]
	at restx.RestxHandlerMatch.handle(RestxHandlerMatch.java:56) ~[restx-core-0.33.1.jar:na]
	at restx.CacheFilter$1.handle(CacheFilter.java:51) ~[restx-core-0.33.1.jar:na]
	at restx.RestxHandlerMatch.handle(RestxHandlerMatch.java:56) ~[restx-core-0.33.1.jar:na]
	at restx.security.RestxSessionLogFilter.handle(RestxSessionLogFilter.java:43) ~[restx-core-0.33.1.jar:na]
	at restx.RestxHandlerMatch.handle(RestxHandlerMatch.java:56) ~[restx-core-0.33.1.jar:na]
	at restx.security.RestxSessionCookieFilter.handle(RestxSessionCookieFilter.java:99) ~[restx-core-0.33.1.jar:na]
	at restx.RestxHandlerMatch.handle(RestxHandlerMatch.java:56) ~[restx-core-0.33.1.jar:na]
	at restx.stats.RestxStatsCollectionFilter.handle(RestxStatsCollectionFilter.java:39) ~[restx-stats-admin-0.33.1.jar:na]
	at restx.RestxHandlerMatch.handle(RestxHandlerMatch.java:56) ~[restx-core-0.33.1.jar:na]
	at restx.StdRestxMainRouter.route(StdRestxMainRouter.java:152) ~[restx-core-0.33.1.jar:na]
	at restx.RestxMainRouterFactory$PerRequestFactoryLoader.route(RestxMainRouterFactory.java:217) [restx-core-0.33.1.jar:na]
	at restx.RestxMainRouterFactory$RecordingMainRouter.route(RestxMainRouterFactory.java:174) [restx-core-0.33.1.jar:na]
	at restx.RestxMainRouterFactory$CompilationManagerRouter.route(RestxMainRouterFactory.java:326) [restx-core-0.33.1.jar:na]
	at restx.servlet.AbstractRestxMainRouterServlet.service(AbstractRestxMainRouterServlet.java:48) [restx-servlet-0.33.1.jar:na]
	at javax.servlet.http.HttpServlet.service(HttpServlet.java:770) [javax.servlet-api-3.0.1.jar:3.0.1]
	at org.eclipse.jetty.servlet.ServletHolder.handle(ServletHolder.java:669) [jetty-servlet-8.1.8.v20121106.jar:8.1.8.v20121106]
	at org.eclipse.jetty.servlet.ServletHandler.doHandle(ServletHandler.java:455) [jetty-servlet-8.1.8.v20121106.jar:8.1.8.v20121106]
	at org.eclipse.jetty.server.handler.ScopedHandler.handle(ScopedHandler.java:137) [jetty-server-8.1.8.v20121106.jar:8.1.8.v20121106]
	at org.eclipse.jetty.security.SecurityHandler.handle(SecurityHandler.java:536) [jetty-security-8.1.8.v20121106.jar:8.1.8.v20121106]
	at org.eclipse.jetty.server.session.SessionHandler.doHandle(SessionHandler.java:231) [jetty-server-8.1.8.v20121106.jar:8.1.8.v20121106]
	at org.eclipse.jetty.server.handler.ContextHandler.doHandle(ContextHandler.java:1072) [jetty-server-8.1.8.v20121106.jar:8.1.8.v20121106]
	at org.eclipse.jetty.servlet.ServletHandler.doScope(ServletHandler.java:382) [jetty-servlet-8.1.8.v20121106.jar:8.1.8.v20121106]
	at org.eclipse.jetty.server.session.SessionHandler.doScope(SessionHandler.java:193) [jetty-server-8.1.8.v20121106.jar:8.1.8.v20121106]
	at org.eclipse.jetty.server.handler.ContextHandler.doScope(ContextHandler.java:1006) [jetty-server-8.1.8.v20121106.jar:8.1.8.v20121106]
	at org.eclipse.jetty.server.handler.ScopedHandler.handle(ScopedHandler.java:135) [jetty-server-8.1.8.v20121106.jar:8.1.8.v20121106]
	at org.eclipse.jetty.server.handler.HandlerList.handle(HandlerList.java:52) [jetty-server-8.1.8.v20121106.jar:8.1.8.v20121106]
	at org.eclipse.jetty.server.handler.HandlerCollection.handle(HandlerCollection.java:154) [jetty-server-8.1.8.v20121106.jar:8.1.8.v20121106]
	at org.eclipse.jetty.server.handler.HandlerWrapper.handle(HandlerWrapper.java:116) [jetty-server-8.1.8.v20121106.jar:8.1.8.v20121106]
	at org.eclipse.jetty.server.Server.handle(Server.java:365) [jetty-server-8.1.8.v20121106.jar:8.1.8.v20121106]
	at org.eclipse.jetty.server.AbstractHttpConnection.handleRequest(AbstractHttpConnection.java:485) [jetty-server-8.1.8.v20121106.jar:8.1.8.v20121106]
	at org.eclipse.jetty.server.AbstractHttpConnection.content(AbstractHttpConnection.java:937) [jetty-server-8.1.8.v20121106.jar:8.1.8.v20121106]
	at org.eclipse.jetty.server.AbstractHttpConnection$RequestHandler.content(AbstractHttpConnection.java:998) [jetty-server-8.1.8.v20121106.jar:8.1.8.v20121106]
	at org.eclipse.jetty.http.HttpParser.parseNext(HttpParser.java:856) [jetty-http-8.1.8.v20121106.jar:8.1.8.v20121106]
	at org.eclipse.jetty.http.HttpParser.parseAvailable(HttpParser.java:240) [jetty-http-8.1.8.v20121106.jar:8.1.8.v20121106]
	at org.eclipse.jetty.server.AsyncHttpConnection.handle(AsyncHttpConnection.java:82) [jetty-server-8.1.8.v20121106.jar:8.1.8.v20121106]
	at org.eclipse.jetty.io.nio.SelectChannelEndPoint.handle(SelectChannelEndPoint.java:628) [jetty-io-8.1.8.v20121106.jar:8.1.8.v20121106]
	at org.eclipse.jetty.io.nio.SelectChannelEndPoint$1.run(SelectChannelEndPoint.java:52) [jetty-io-8.1.8.v20121106.jar:8.1.8.v20121106]
	at org.eclipse.jetty.util.thread.QueuedThreadPool.runJob(QueuedThreadPool.java:608) [jetty-util-8.1.8.v20121106.jar:8.1.8.v20121106]
	at org.eclipse.jetty.util.thread.QueuedThreadPool$3.run(QueuedThreadPool.java:543) [jetty-util-8.1.8.v20121106.jar:8.1.8.v20121106]
	at java.lang.Thread.run(Thread.java:745) [na:1.7.0_67]
2014-11-04 00:33:31,142 [qtp726359661-22 ] [          ] ERROR restx.StdRestxMainRouter - request raised NullPointerException: null
java.lang.NullPointerException: null
	at com.google.common.base.Preconditions.checkNotNull(Preconditions.java:213) ~[guava-17.0.jar:na]
	at com.google.common.base.Optional.of(Optional.java:85) ~[guava-17.0.jar:na]
	at myapp.rest.HelloResourceRouter$3.doRoute(HelloResourceRouter.java:109) ~[na:na]
	at myapp.rest.HelloResourceRouter$3.doRoute(HelloResourceRouter.java:105) ~[na:na]
	at restx.entity.StdEntityRoute.handle(StdEntityRoute.java:139) ~[restx-core-0.33.1.jar:na]
	at restx.RestxHandlerMatch.handle(RestxHandlerMatch.java:56) ~[restx-core-0.33.1.jar:na]
	at restx.ResponseCloserFilter.handle(ResponseCloserFilter.java:28) ~[restx-core-0.33.1.jar:na]
	at restx.RestxHandlerMatch.handle(RestxHandlerMatch.java:56) ~[restx-core-0.33.1.jar:na]
	at restx.CacheFilter$1.handle(CacheFilter.java:51) ~[restx-core-0.33.1.jar:na]
	at restx.RestxHandlerMatch.handle(RestxHandlerMatch.java:56) ~[restx-core-0.33.1.jar:na]
	at restx.security.RestxSessionLogFilter.handle(RestxSessionLogFilter.java:43) ~[restx-core-0.33.1.jar:na]
	at restx.RestxHandlerMatch.handle(RestxHandlerMatch.java:56) ~[restx-core-0.33.1.jar:na]
	at restx.security.RestxSessionCookieFilter.handle(RestxSessionCookieFilter.java:99) ~[restx-core-0.33.1.jar:na]
	at restx.RestxHandlerMatch.handle(RestxHandlerMatch.java:56) ~[restx-core-0.33.1.jar:na]
	at restx.stats.RestxStatsCollectionFilter.handle(RestxStatsCollectionFilter.java:39) ~[restx-stats-admin-0.33.1.jar:na]
	at restx.RestxHandlerMatch.handle(RestxHandlerMatch.java:56) ~[restx-core-0.33.1.jar:na]
	at restx.StdRestxMainRouter.route(StdRestxMainRouter.java:152) ~[restx-core-0.33.1.jar:na]
	at restx.RestxMainRouterFactory$PerRequestFactoryLoader.route(RestxMainRouterFactory.java:217) [restx-core-0.33.1.jar:na]
	at restx.RestxMainRouterFactory$RecordingMainRouter.route(RestxMainRouterFactory.java:174) [restx-core-0.33.1.jar:na]
	at restx.RestxMainRouterFactory$CompilationManagerRouter.route(RestxMainRouterFactory.java:326) [restx-core-0.33.1.jar:na]
	at restx.servlet.AbstractRestxMainRouterServlet.service(AbstractRestxMainRouterServlet.java:48) [restx-servlet-0.33.1.jar:na]
	at javax.servlet.http.HttpServlet.service(HttpServlet.java:770) [javax.servlet-api-3.0.1.jar:3.0.1]
	at org.eclipse.jetty.servlet.ServletHolder.handle(ServletHolder.java:669) [jetty-servlet-8.1.8.v20121106.jar:8.1.8.v20121106]
	at org.eclipse.jetty.servlet.ServletHandler.doHandle(ServletHandler.java:455) [jetty-servlet-8.1.8.v20121106.jar:8.1.8.v20121106]
	at org.eclipse.jetty.server.handler.ScopedHandler.handle(ScopedHandler.java:137) [jetty-server-8.1.8.v20121106.jar:8.1.8.v20121106]
	at org.eclipse.jetty.security.SecurityHandler.handle(SecurityHandler.java:536) [jetty-security-8.1.8.v20121106.jar:8.1.8.v20121106]
	at org.eclipse.jetty.server.session.SessionHandler.doHandle(SessionHandler.java:231) [jetty-server-8.1.8.v20121106.jar:8.1.8.v20121106]
	at org.eclipse.jetty.server.handler.ContextHandler.doHandle(ContextHandler.java:1072) [jetty-server-8.1.8.v20121106.jar:8.1.8.v20121106]
	at org.eclipse.jetty.servlet.ServletHandler.doScope(ServletHandler.java:382) [jetty-servlet-8.1.8.v20121106.jar:8.1.8.v20121106]
	at org.eclipse.jetty.server.session.SessionHandler.doScope(SessionHandler.java:193) [jetty-server-8.1.8.v20121106.jar:8.1.8.v20121106]
	at org.eclipse.jetty.server.handler.ContextHandler.doScope(ContextHandler.java:1006) [jetty-server-8.1.8.v20121106.jar:8.1.8.v20121106]
	at org.eclipse.jetty.server.handler.ScopedHandler.handle(ScopedHandler.java:135) [jetty-server-8.1.8.v20121106.jar:8.1.8.v20121106]
	at org.eclipse.jetty.server.handler.HandlerList.handle(HandlerList.java:52) [jetty-server-8.1.8.v20121106.jar:8.1.8.v20121106]
	at org.eclipse.jetty.server.handler.HandlerCollection.handle(HandlerCollection.java:154) [jetty-server-8.1.8.v20121106.jar:8.1.8.v20121106]
	at org.eclipse.jetty.server.handler.HandlerWrapper.handle(HandlerWrapper.java:116) [jetty-server-8.1.8.v20121106.jar:8.1.8.v20121106]
	at org.eclipse.jetty.server.Server.handle(Server.java:365) [jetty-server-8.1.8.v20121106.jar:8.1.8.v20121106]
	at org.eclipse.jetty.server.AbstractHttpConnection.handleRequest(AbstractHttpConnection.java:485) [jetty-server-8.1.8.v20121106.jar:8.1.8.v20121106]
	at org.eclipse.jetty.server.AbstractHttpConnection.content(AbstractHttpConnection.java:937) [jetty-server-8.1.8.v20121106.jar:8.1.8.v20121106]
	at org.eclipse.jetty.server.AbstractHttpConnection$RequestHandler.content(AbstractHttpConnection.java:998) [jetty-server-8.1.8.v20121106.jar:8.1.8.v20121106]
	at org.eclipse.jetty.http.HttpParser.parseNext(HttpParser.java:856) [jetty-http-8.1.8.v20121106.jar:8.1.8.v20121106]
	at org.eclipse.jetty.http.HttpParser.parseAvailable(HttpParser.java:240) [jetty-http-8.1.8.v20121106.jar:8.1.8.v20121106]
	at org.eclipse.jetty.server.AsyncHttpConnection.handle(AsyncHttpConnection.java:82) [jetty-server-8.1.8.v20121106.jar:8.1.8.v20121106]
	at org.eclipse.jetty.io.nio.SelectChannelEndPoint.handle(SelectChannelEndPoint.java:628) [jetty-io-8.1.8.v20121106.jar:8.1.8.v20121106]
	at org.eclipse.jetty.io.nio.SelectChannelEndPoint$1.run(SelectChannelEndPoint.java:52) [jetty-io-8.1.8.v20121106.jar:8.1.8.v20121106]
	at org.eclipse.jetty.util.thread.QueuedThreadPool.runJob(QueuedThreadPool.java:608) [jetty-util-8.1.8.v20121106.jar:8.1.8.v20121106]
	at org.eclipse.jetty.util.thread.QueuedThreadPool$3.run(QueuedThreadPool.java:543) [jetty-util-8.1.8.v20121106.jar:8.1.8.v20121106]
	at java.lang.Thread.run(Thread.java:745) [na:1.7.0_67]
2014-11-04 00:35:37,631 [qtp1694187662-21] [          ] ERROR restx.StdRestxMainRouter - request raised NullPointerException: null
java.lang.NullPointerException: null
	at com.google.common.base.Preconditions.checkNotNull(Preconditions.java:213) ~[guava-17.0.jar:na]
	at com.google.common.base.Optional.of(Optional.java:85) ~[guava-17.0.jar:na]
	at myapp.rest.HelloResourceRouter$3.doRoute(HelloResourceRouter.java:109) ~[na:na]
	at myapp.rest.HelloResourceRouter$3.doRoute(HelloResourceRouter.java:105) ~[na:na]
	at restx.entity.StdEntityRoute.handle(StdEntityRoute.java:139) ~[restx-core-0.33.1.jar:na]
	at restx.RestxHandlerMatch.handle(RestxHandlerMatch.java:56) ~[restx-core-0.33.1.jar:na]
	at restx.ResponseCloserFilter.handle(ResponseCloserFilter.java:28) ~[restx-core-0.33.1.jar:na]
	at restx.RestxHandlerMatch.handle(RestxHandlerMatch.java:56) ~[restx-core-0.33.1.jar:na]
	at restx.CacheFilter$1.handle(CacheFilter.java:51) ~[restx-core-0.33.1.jar:na]
	at restx.RestxHandlerMatch.handle(RestxHandlerMatch.java:56) ~[restx-core-0.33.1.jar:na]
	at restx.security.RestxSessionLogFilter.handle(RestxSessionLogFilter.java:43) ~[restx-core-0.33.1.jar:na]
	at restx.RestxHandlerMatch.handle(RestxHandlerMatch.java:56) ~[restx-core-0.33.1.jar:na]
	at restx.security.RestxSessionCookieFilter.handle(RestxSessionCookieFilter.java:99) ~[restx-core-0.33.1.jar:na]
	at restx.RestxHandlerMatch.handle(RestxHandlerMatch.java:56) ~[restx-core-0.33.1.jar:na]
	at restx.stats.RestxStatsCollectionFilter.handle(RestxStatsCollectionFilter.java:39) ~[restx-stats-admin-0.33.1.jar:na]
	at restx.RestxHandlerMatch.handle(RestxHandlerMatch.java:56) ~[restx-core-0.33.1.jar:na]
	at restx.StdRestxMainRouter.route(StdRestxMainRouter.java:152) ~[restx-core-0.33.1.jar:na]
	at restx.RestxMainRouterFactory$PerRequestFactoryLoader.route(RestxMainRouterFactory.java:217) [restx-core-0.33.1.jar:na]
	at restx.RestxMainRouterFactory$RecordingMainRouter.route(RestxMainRouterFactory.java:174) [restx-core-0.33.1.jar:na]
	at restx.RestxMainRouterFactory$CompilationManagerRouter.route(RestxMainRouterFactory.java:326) [restx-core-0.33.1.jar:na]
	at restx.servlet.AbstractRestxMainRouterServlet.service(AbstractRestxMainRouterServlet.java:48) [restx-servlet-0.33.1.jar:na]
	at javax.servlet.http.HttpServlet.service(HttpServlet.java:770) [javax.servlet-api-3.0.1.jar:3.0.1]
	at org.eclipse.jetty.servlet.ServletHolder.handle(ServletHolder.java:669) [jetty-servlet-8.1.8.v20121106.jar:8.1.8.v20121106]
	at org.eclipse.jetty.servlet.ServletHandler.doHandle(ServletHandler.java:455) [jetty-servlet-8.1.8.v20121106.jar:8.1.8.v20121106]
	at org.eclipse.jetty.server.handler.ScopedHandler.handle(ScopedHandler.java:137) [jetty-server-8.1.8.v20121106.jar:8.1.8.v20121106]
	at org.eclipse.jetty.security.SecurityHandler.handle(SecurityHandler.java:536) [jetty-security-8.1.8.v20121106.jar:8.1.8.v20121106]
	at org.eclipse.jetty.server.session.SessionHandler.doHandle(SessionHandler.java:231) [jetty-server-8.1.8.v20121106.jar:8.1.8.v20121106]
	at org.eclipse.jetty.server.handler.ContextHandler.doHandle(ContextHandler.java:1072) [jetty-server-8.1.8.v20121106.jar:8.1.8.v20121106]
	at org.eclipse.jetty.servlet.ServletHandler.doScope(ServletHandler.java:382) [jetty-servlet-8.1.8.v20121106.jar:8.1.8.v20121106]
	at org.eclipse.jetty.server.session.SessionHandler.doScope(SessionHandler.java:193) [jetty-server-8.1.8.v20121106.jar:8.1.8.v20121106]
	at org.eclipse.jetty.server.handler.ContextHandler.doScope(ContextHandler.java:1006) [jetty-server-8.1.8.v20121106.jar:8.1.8.v20121106]
	at org.eclipse.jetty.server.handler.ScopedHandler.handle(ScopedHandler.java:135) [jetty-server-8.1.8.v20121106.jar:8.1.8.v20121106]
	at org.eclipse.jetty.server.handler.HandlerList.handle(HandlerList.java:52) [jetty-server-8.1.8.v20121106.jar:8.1.8.v20121106]
	at org.eclipse.jetty.server.handler.HandlerCollection.handle(HandlerCollection.java:154) [jetty-server-8.1.8.v20121106.jar:8.1.8.v20121106]
	at org.eclipse.jetty.server.handler.HandlerWrapper.handle(HandlerWrapper.java:116) [jetty-server-8.1.8.v20121106.jar:8.1.8.v20121106]
	at org.eclipse.jetty.server.Server.handle(Server.java:365) [jetty-server-8.1.8.v20121106.jar:8.1.8.v20121106]
	at org.eclipse.jetty.server.AbstractHttpConnection.handleRequest(AbstractHttpConnection.java:485) [jetty-server-8.1.8.v20121106.jar:8.1.8.v20121106]
	at org.eclipse.jetty.server.AbstractHttpConnection.content(AbstractHttpConnection.java:937) [jetty-server-8.1.8.v20121106.jar:8.1.8.v20121106]
	at org.eclipse.jetty.server.AbstractHttpConnection$RequestHandler.content(AbstractHttpConnection.java:998) [jetty-server-8.1.8.v20121106.jar:8.1.8.v20121106]
	at org.eclipse.jetty.http.HttpParser.parseNext(HttpParser.java:856) [jetty-http-8.1.8.v20121106.jar:8.1.8.v20121106]
	at org.eclipse.jetty.http.HttpParser.parseAvailable(HttpParser.java:240) [jetty-http-8.1.8.v20121106.jar:8.1.8.v20121106]
	at org.eclipse.jetty.server.AsyncHttpConnection.handle(AsyncHttpConnection.java:82) [jetty-server-8.1.8.v20121106.jar:8.1.8.v20121106]
	at org.eclipse.jetty.io.nio.SelectChannelEndPoint.handle(SelectChannelEndPoint.java:628) [jetty-io-8.1.8.v20121106.jar:8.1.8.v20121106]
	at org.eclipse.jetty.io.nio.SelectChannelEndPoint$1.run(SelectChannelEndPoint.java:52) [jetty-io-8.1.8.v20121106.jar:8.1.8.v20121106]
	at org.eclipse.jetty.util.thread.QueuedThreadPool.runJob(QueuedThreadPool.java:608) [jetty-util-8.1.8.v20121106.jar:8.1.8.v20121106]
	at org.eclipse.jetty.util.thread.QueuedThreadPool$3.run(QueuedThreadPool.java:543) [jetty-util-8.1.8.v20121106.jar:8.1.8.v20121106]
	at java.lang.Thread.run(Thread.java:745) [na:1.7.0_67]
2014-11-04 00:37:49,095 [qtp1629772879-22] [          ] ERROR restx.StdRestxMainRouter - request raised NullPointerException: null
java.lang.NullPointerException: null
	at com.google.common.base.Preconditions.checkNotNull(Preconditions.java:213) ~[guava-17.0.jar:na]
	at com.google.common.base.Optional.of(Optional.java:85) ~[guava-17.0.jar:na]
	at myapp.rest.HelloResourceRouter$3.doRoute(HelloResourceRouter.java:109) ~[na:na]
	at myapp.rest.HelloResourceRouter$3.doRoute(HelloResourceRouter.java:105) ~[na:na]
	at restx.entity.StdEntityRoute.handle(StdEntityRoute.java:139) ~[restx-core-0.33.1.jar:na]
	at restx.RestxHandlerMatch.handle(RestxHandlerMatch.java:56) ~[restx-core-0.33.1.jar:na]
	at restx.ResponseCloserFilter.handle(ResponseCloserFilter.java:28) ~[restx-core-0.33.1.jar:na]
	at restx.RestxHandlerMatch.handle(RestxHandlerMatch.java:56) ~[restx-core-0.33.1.jar:na]
	at restx.CacheFilter$1.handle(CacheFilter.java:51) ~[restx-core-0.33.1.jar:na]
	at restx.RestxHandlerMatch.handle(RestxHandlerMatch.java:56) ~[restx-core-0.33.1.jar:na]
	at restx.security.RestxSessionLogFilter.handle(RestxSessionLogFilter.java:43) ~[restx-core-0.33.1.jar:na]
	at restx.RestxHandlerMatch.handle(RestxHandlerMatch.java:56) ~[restx-core-0.33.1.jar:na]
	at restx.security.RestxSessionCookieFilter.handle(RestxSessionCookieFilter.java:99) ~[restx-core-0.33.1.jar:na]
	at restx.RestxHandlerMatch.handle(RestxHandlerMatch.java:56) ~[restx-core-0.33.1.jar:na]
	at restx.stats.RestxStatsCollectionFilter.handle(RestxStatsCollectionFilter.java:39) ~[restx-stats-admin-0.33.1.jar:na]
	at restx.RestxHandlerMatch.handle(RestxHandlerMatch.java:56) ~[restx-core-0.33.1.jar:na]
	at restx.StdRestxMainRouter.route(StdRestxMainRouter.java:152) ~[restx-core-0.33.1.jar:na]
	at restx.RestxMainRouterFactory$PerRequestFactoryLoader.route(RestxMainRouterFactory.java:217) [restx-core-0.33.1.jar:na]
	at restx.RestxMainRouterFactory$RecordingMainRouter.route(RestxMainRouterFactory.java:174) [restx-core-0.33.1.jar:na]
	at restx.RestxMainRouterFactory$CompilationManagerRouter.route(RestxMainRouterFactory.java:326) [restx-core-0.33.1.jar:na]
	at restx.servlet.AbstractRestxMainRouterServlet.service(AbstractRestxMainRouterServlet.java:48) [restx-servlet-0.33.1.jar:na]
	at javax.servlet.http.HttpServlet.service(HttpServlet.java:770) [javax.servlet-api-3.0.1.jar:3.0.1]
	at org.eclipse.jetty.servlet.ServletHolder.handle(ServletHolder.java:669) [jetty-servlet-8.1.8.v20121106.jar:8.1.8.v20121106]
	at org.eclipse.jetty.servlet.ServletHandler.doHandle(ServletHandler.java:455) [jetty-servlet-8.1.8.v20121106.jar:8.1.8.v20121106]
	at org.eclipse.jetty.server.handler.ScopedHandler.handle(ScopedHandler.java:137) [jetty-server-8.1.8.v20121106.jar:8.1.8.v20121106]
	at org.eclipse.jetty.security.SecurityHandler.handle(SecurityHandler.java:536) [jetty-security-8.1.8.v20121106.jar:8.1.8.v20121106]
	at org.eclipse.jetty.server.session.SessionHandler.doHandle(SessionHandler.java:231) [jetty-server-8.1.8.v20121106.jar:8.1.8.v20121106]
	at org.eclipse.jetty.server.handler.ContextHandler.doHandle(ContextHandler.java:1072) [jetty-server-8.1.8.v20121106.jar:8.1.8.v20121106]
	at org.eclipse.jetty.servlet.ServletHandler.doScope(ServletHandler.java:382) [jetty-servlet-8.1.8.v20121106.jar:8.1.8.v20121106]
	at org.eclipse.jetty.server.session.SessionHandler.doScope(SessionHandler.java:193) [jetty-server-8.1.8.v20121106.jar:8.1.8.v20121106]
	at org.eclipse.jetty.server.handler.ContextHandler.doScope(ContextHandler.java:1006) [jetty-server-8.1.8.v20121106.jar:8.1.8.v20121106]
	at org.eclipse.jetty.server.handler.ScopedHandler.handle(ScopedHandler.java:135) [jetty-server-8.1.8.v20121106.jar:8.1.8.v20121106]
	at org.eclipse.jetty.server.handler.HandlerList.handle(HandlerList.java:52) [jetty-server-8.1.8.v20121106.jar:8.1.8.v20121106]
	at org.eclipse.jetty.server.handler.HandlerCollection.handle(HandlerCollection.java:154) [jetty-server-8.1.8.v20121106.jar:8.1.8.v20121106]
	at org.eclipse.jetty.server.handler.HandlerWrapper.handle(HandlerWrapper.java:116) [jetty-server-8.1.8.v20121106.jar:8.1.8.v20121106]
	at org.eclipse.jetty.server.Server.handle(Server.java:365) [jetty-server-8.1.8.v20121106.jar:8.1.8.v20121106]
	at org.eclipse.jetty.server.AbstractHttpConnection.handleRequest(AbstractHttpConnection.java:485) [jetty-server-8.1.8.v20121106.jar:8.1.8.v20121106]
	at org.eclipse.jetty.server.AbstractHttpConnection.content(AbstractHttpConnection.java:937) [jetty-server-8.1.8.v20121106.jar:8.1.8.v20121106]
	at org.eclipse.jetty.server.AbstractHttpConnection$RequestHandler.content(AbstractHttpConnection.java:998) [jetty-server-8.1.8.v20121106.jar:8.1.8.v20121106]
	at org.eclipse.jetty.http.HttpParser.parseNext(HttpParser.java:856) [jetty-http-8.1.8.v20121106.jar:8.1.8.v20121106]
	at org.eclipse.jetty.http.HttpParser.parseAvailable(HttpParser.java:240) [jetty-http-8.1.8.v20121106.jar:8.1.8.v20121106]
	at org.eclipse.jetty.server.AsyncHttpConnection.handle(AsyncHttpConnection.java:82) [jetty-server-8.1.8.v20121106.jar:8.1.8.v20121106]
	at org.eclipse.jetty.io.nio.SelectChannelEndPoint.handle(SelectChannelEndPoint.java:628) [jetty-io-8.1.8.v20121106.jar:8.1.8.v20121106]
	at org.eclipse.jetty.io.nio.SelectChannelEndPoint$1.run(SelectChannelEndPoint.java:52) [jetty-io-8.1.8.v20121106.jar:8.1.8.v20121106]
	at org.eclipse.jetty.util.thread.QueuedThreadPool.runJob(QueuedThreadPool.java:608) [jetty-util-8.1.8.v20121106.jar:8.1.8.v20121106]
	at org.eclipse.jetty.util.thread.QueuedThreadPool$3.run(QueuedThreadPool.java:543) [jetty-util-8.1.8.v20121106.jar:8.1.8.v20121106]
	at java.lang.Thread.run(Thread.java:745) [na:1.7.0_67]
2014-11-04 00:37:49,111 [qtp1629772879-25] [          ] ERROR restx.StdRestxMainRouter - request raised NullPointerException: null
java.lang.NullPointerException: null
	at com.google.common.base.Preconditions.checkNotNull(Preconditions.java:213) ~[guava-17.0.jar:na]
	at com.google.common.base.Optional.of(Optional.java:85) ~[guava-17.0.jar:na]
	at myapp.rest.HelloResourceRouter$3.doRoute(HelloResourceRouter.java:109) ~[na:na]
	at myapp.rest.HelloResourceRouter$3.doRoute(HelloResourceRouter.java:105) ~[na:na]
	at restx.entity.StdEntityRoute.handle(StdEntityRoute.java:139) ~[restx-core-0.33.1.jar:na]
	at restx.RestxHandlerMatch.handle(RestxHandlerMatch.java:56) ~[restx-core-0.33.1.jar:na]
	at restx.ResponseCloserFilter.handle(ResponseCloserFilter.java:28) ~[restx-core-0.33.1.jar:na]
	at restx.RestxHandlerMatch.handle(RestxHandlerMatch.java:56) ~[restx-core-0.33.1.jar:na]
	at restx.CacheFilter$1.handle(CacheFilter.java:51) ~[restx-core-0.33.1.jar:na]
	at restx.RestxHandlerMatch.handle(RestxHandlerMatch.java:56) ~[restx-core-0.33.1.jar:na]
	at restx.security.RestxSessionLogFilter.handle(RestxSessionLogFilter.java:43) ~[restx-core-0.33.1.jar:na]
	at restx.RestxHandlerMatch.handle(RestxHandlerMatch.java:56) ~[restx-core-0.33.1.jar:na]
	at restx.security.RestxSessionCookieFilter.handle(RestxSessionCookieFilter.java:99) ~[restx-core-0.33.1.jar:na]
	at restx.RestxHandlerMatch.handle(RestxHandlerMatch.java:56) ~[restx-core-0.33.1.jar:na]
	at restx.stats.RestxStatsCollectionFilter.handle(RestxStatsCollectionFilter.java:39) ~[restx-stats-admin-0.33.1.jar:na]
	at restx.RestxHandlerMatch.handle(RestxHandlerMatch.java:56) ~[restx-core-0.33.1.jar:na]
	at restx.StdRestxMainRouter.route(StdRestxMainRouter.java:152) ~[restx-core-0.33.1.jar:na]
	at restx.RestxMainRouterFactory$PerRequestFactoryLoader.route(RestxMainRouterFactory.java:217) [restx-core-0.33.1.jar:na]
	at restx.RestxMainRouterFactory$RecordingMainRouter.route(RestxMainRouterFactory.java:174) [restx-core-0.33.1.jar:na]
	at restx.RestxMainRouterFactory$CompilationManagerRouter.route(RestxMainRouterFactory.java:326) [restx-core-0.33.1.jar:na]
	at restx.servlet.AbstractRestxMainRouterServlet.service(AbstractRestxMainRouterServlet.java:48) [restx-servlet-0.33.1.jar:na]
	at javax.servlet.http.HttpServlet.service(HttpServlet.java:770) [javax.servlet-api-3.0.1.jar:3.0.1]
	at org.eclipse.jetty.servlet.ServletHolder.handle(ServletHolder.java:669) [jetty-servlet-8.1.8.v20121106.jar:8.1.8.v20121106]
	at org.eclipse.jetty.servlet.ServletHandler.doHandle(ServletHandler.java:455) [jetty-servlet-8.1.8.v20121106.jar:8.1.8.v20121106]
	at org.eclipse.jetty.server.handler.ScopedHandler.handle(ScopedHandler.java:137) [jetty-server-8.1.8.v20121106.jar:8.1.8.v20121106]
	at org.eclipse.jetty.security.SecurityHandler.handle(SecurityHandler.java:536) [jetty-security-8.1.8.v20121106.jar:8.1.8.v20121106]
	at org.eclipse.jetty.server.session.SessionHandler.doHandle(SessionHandler.java:231) [jetty-server-8.1.8.v20121106.jar:8.1.8.v20121106]
	at org.eclipse.jetty.server.handler.ContextHandler.doHandle(ContextHandler.java:1072) [jetty-server-8.1.8.v20121106.jar:8.1.8.v20121106]
	at org.eclipse.jetty.servlet.ServletHandler.doScope(ServletHandler.java:382) [jetty-servlet-8.1.8.v20121106.jar:8.1.8.v20121106]
	at org.eclipse.jetty.server.session.SessionHandler.doScope(SessionHandler.java:193) [jetty-server-8.1.8.v20121106.jar:8.1.8.v20121106]
	at org.eclipse.jetty.server.handler.ContextHandler.doScope(ContextHandler.java:1006) [jetty-server-8.1.8.v20121106.jar:8.1.8.v20121106]
	at org.eclipse.jetty.server.handler.ScopedHandler.handle(ScopedHandler.java:135) [jetty-server-8.1.8.v20121106.jar:8.1.8.v20121106]
	at org.eclipse.jetty.server.handler.HandlerList.handle(HandlerList.java:52) [jetty-server-8.1.8.v20121106.jar:8.1.8.v20121106]
	at org.eclipse.jetty.server.handler.HandlerCollection.handle(HandlerCollection.java:154) [jetty-server-8.1.8.v20121106.jar:8.1.8.v20121106]
	at org.eclipse.jetty.server.handler.HandlerWrapper.handle(HandlerWrapper.java:116) [jetty-server-8.1.8.v20121106.jar:8.1.8.v20121106]
	at org.eclipse.jetty.server.Server.handle(Server.java:365) [jetty-server-8.1.8.v20121106.jar:8.1.8.v20121106]
	at org.eclipse.jetty.server.AbstractHttpConnection.handleRequest(AbstractHttpConnection.java:485) [jetty-server-8.1.8.v20121106.jar:8.1.8.v20121106]
	at org.eclipse.jetty.server.AbstractHttpConnection.content(AbstractHttpConnection.java:937) [jetty-server-8.1.8.v20121106.jar:8.1.8.v20121106]
	at org.eclipse.jetty.server.AbstractHttpConnection$RequestHandler.content(AbstractHttpConnection.java:998) [jetty-server-8.1.8.v20121106.jar:8.1.8.v20121106]
	at org.eclipse.jetty.http.HttpParser.parseNext(HttpParser.java:856) [jetty-http-8.1.8.v20121106.jar:8.1.8.v20121106]
	at org.eclipse.jetty.http.HttpParser.parseAvailable(HttpParser.java:240) [jetty-http-8.1.8.v20121106.jar:8.1.8.v20121106]
	at org.eclipse.jetty.server.AsyncHttpConnection.handle(AsyncHttpConnection.java:82) [jetty-server-8.1.8.v20121106.jar:8.1.8.v20121106]
	at org.eclipse.jetty.io.nio.SelectChannelEndPoint.handle(SelectChannelEndPoint.java:628) [jetty-io-8.1.8.v20121106.jar:8.1.8.v20121106]
	at org.eclipse.jetty.io.nio.SelectChannelEndPoint$1.run(SelectChannelEndPoint.java:52) [jetty-io-8.1.8.v20121106.jar:8.1.8.v20121106]
	at org.eclipse.jetty.util.thread.QueuedThreadPool.runJob(QueuedThreadPool.java:608) [jetty-util-8.1.8.v20121106.jar:8.1.8.v20121106]
	at org.eclipse.jetty.util.thread.QueuedThreadPool$3.run(QueuedThreadPool.java:543) [jetty-util-8.1.8.v20121106.jar:8.1.8.v20121106]
	at java.lang.Thread.run(Thread.java:745) [na:1.7.0_67]
2014-11-04 19:53:13,492 [qtp1694187662-24] [          ] ERROR restx.StdRestxMainRouter - request raised NullPointerException: null
java.lang.NullPointerException: null
	at myapp.Registered.hasRegId(Registered.java:123) ~[bin/:na]
	at myapp.rest.HelloResource.askForPass(HelloResource.java:222) ~[bin/:na]
	at myapp.rest.HelloResourceRouter$3.doRoute(HelloResourceRouter.java:109) ~[na:na]
	at myapp.rest.HelloResourceRouter$3.doRoute(HelloResourceRouter.java:105) ~[na:na]
	at restx.entity.StdEntityRoute.handle(StdEntityRoute.java:139) ~[restx-core-0.33.1.jar:na]
	at restx.RestxHandlerMatch.handle(RestxHandlerMatch.java:56) ~[restx-core-0.33.1.jar:na]
	at restx.ResponseCloserFilter.handle(ResponseCloserFilter.java:28) ~[restx-core-0.33.1.jar:na]
	at restx.RestxHandlerMatch.handle(RestxHandlerMatch.java:56) ~[restx-core-0.33.1.jar:na]
	at restx.CacheFilter$1.handle(CacheFilter.java:51) ~[restx-core-0.33.1.jar:na]
	at restx.RestxHandlerMatch.handle(RestxHandlerMatch.java:56) ~[restx-core-0.33.1.jar:na]
	at restx.security.RestxSessionLogFilter.handle(RestxSessionLogFilter.java:43) ~[restx-core-0.33.1.jar:na]
	at restx.RestxHandlerMatch.handle(RestxHandlerMatch.java:56) ~[restx-core-0.33.1.jar:na]
	at restx.security.RestxSessionCookieFilter.handle(RestxSessionCookieFilter.java:99) ~[restx-core-0.33.1.jar:na]
	at restx.RestxHandlerMatch.handle(RestxHandlerMatch.java:56) ~[restx-core-0.33.1.jar:na]
	at restx.stats.RestxStatsCollectionFilter.handle(RestxStatsCollectionFilter.java:39) ~[restx-stats-admin-0.33.1.jar:na]
	at restx.RestxHandlerMatch.handle(RestxHandlerMatch.java:56) ~[restx-core-0.33.1.jar:na]
	at restx.StdRestxMainRouter.route(StdRestxMainRouter.java:152) ~[restx-core-0.33.1.jar:na]
	at restx.RestxMainRouterFactory$PerRequestFactoryLoader.route(RestxMainRouterFactory.java:217) [restx-core-0.33.1.jar:na]
	at restx.RestxMainRouterFactory$RecordingMainRouter.route(RestxMainRouterFactory.java:174) [restx-core-0.33.1.jar:na]
	at restx.RestxMainRouterFactory$CompilationManagerRouter.route(RestxMainRouterFactory.java:326) [restx-core-0.33.1.jar:na]
	at restx.servlet.AbstractRestxMainRouterServlet.service(AbstractRestxMainRouterServlet.java:48) [restx-servlet-0.33.1.jar:na]
	at javax.servlet.http.HttpServlet.service(HttpServlet.java:770) [javax.servlet-api-3.0.1.jar:3.0.1]
	at org.eclipse.jetty.servlet.ServletHolder.handle(ServletHolder.java:669) [jetty-servlet-8.1.8.v20121106.jar:8.1.8.v20121106]
	at org.eclipse.jetty.servlet.ServletHandler.doHandle(ServletHandler.java:455) [jetty-servlet-8.1.8.v20121106.jar:8.1.8.v20121106]
	at org.eclipse.jetty.server.handler.ScopedHandler.handle(ScopedHandler.java:137) [jetty-server-8.1.8.v20121106.jar:8.1.8.v20121106]
	at org.eclipse.jetty.security.SecurityHandler.handle(SecurityHandler.java:536) [jetty-security-8.1.8.v20121106.jar:8.1.8.v20121106]
	at org.eclipse.jetty.server.session.SessionHandler.doHandle(SessionHandler.java:231) [jetty-server-8.1.8.v20121106.jar:8.1.8.v20121106]
	at org.eclipse.jetty.server.handler.ContextHandler.doHandle(ContextHandler.java:1072) [jetty-server-8.1.8.v20121106.jar:8.1.8.v20121106]
	at org.eclipse.jetty.servlet.ServletHandler.doScope(ServletHandler.java:382) [jetty-servlet-8.1.8.v20121106.jar:8.1.8.v20121106]
	at org.eclipse.jetty.server.session.SessionHandler.doScope(SessionHandler.java:193) [jetty-server-8.1.8.v20121106.jar:8.1.8.v20121106]
	at org.eclipse.jetty.server.handler.ContextHandler.doScope(ContextHandler.java:1006) [jetty-server-8.1.8.v20121106.jar:8.1.8.v20121106]
	at org.eclipse.jetty.server.handler.ScopedHandler.handle(ScopedHandler.java:135) [jetty-server-8.1.8.v20121106.jar:8.1.8.v20121106]
	at org.eclipse.jetty.server.handler.HandlerList.handle(HandlerList.java:52) [jetty-server-8.1.8.v20121106.jar:8.1.8.v20121106]
	at org.eclipse.jetty.server.handler.HandlerCollection.handle(HandlerCollection.java:154) [jetty-server-8.1.8.v20121106.jar:8.1.8.v20121106]
	at org.eclipse.jetty.server.handler.HandlerWrapper.handle(HandlerWrapper.java:116) [jetty-server-8.1.8.v20121106.jar:8.1.8.v20121106]
	at org.eclipse.jetty.server.Server.handle(Server.java:365) [jetty-server-8.1.8.v20121106.jar:8.1.8.v20121106]
	at org.eclipse.jetty.server.AbstractHttpConnection.handleRequest(AbstractHttpConnection.java:485) [jetty-server-8.1.8.v20121106.jar:8.1.8.v20121106]
	at org.eclipse.jetty.server.AbstractHttpConnection.content(AbstractHttpConnection.java:937) [jetty-server-8.1.8.v20121106.jar:8.1.8.v20121106]
	at org.eclipse.jetty.server.AbstractHttpConnection$RequestHandler.content(AbstractHttpConnection.java:998) [jetty-server-8.1.8.v20121106.jar:8.1.8.v20121106]
	at org.eclipse.jetty.http.HttpParser.parseNext(HttpParser.java:856) [jetty-http-8.1.8.v20121106.jar:8.1.8.v20121106]
	at org.eclipse.jetty.http.HttpParser.parseAvailable(HttpParser.java:240) [jetty-http-8.1.8.v20121106.jar:8.1.8.v20121106]
	at org.eclipse.jetty.server.AsyncHttpConnection.handle(AsyncHttpConnection.java:82) [jetty-server-8.1.8.v20121106.jar:8.1.8.v20121106]
	at org.eclipse.jetty.io.nio.SelectChannelEndPoint.handle(SelectChannelEndPoint.java:628) [jetty-io-8.1.8.v20121106.jar:8.1.8.v20121106]
	at org.eclipse.jetty.io.nio.SelectChannelEndPoint$1.run(SelectChannelEndPoint.java:52) [jetty-io-8.1.8.v20121106.jar:8.1.8.v20121106]
	at org.eclipse.jetty.util.thread.QueuedThreadPool.runJob(QueuedThreadPool.java:608) [jetty-util-8.1.8.v20121106.jar:8.1.8.v20121106]
	at org.eclipse.jetty.util.thread.QueuedThreadPool$3.run(QueuedThreadPool.java:543) [jetty-util-8.1.8.v20121106.jar:8.1.8.v20121106]
	at java.lang.Thread.run(Thread.java:745) [na:1.7.0_67]
