#
# A fatal error has been detected by the Java Runtime Environment:
#
#  SIGBUS (0xa) at pc=0x000000010bf890b7, pid=998, tid=21767
#
# JRE version: Java(TM) SE Runtime Environment (7.0_67-b01) (build 1.7.0_67-b01)
# Java VM: Java HotSpot(TM) 64-Bit Server VM (24.65-b04 mixed mode bsd-amd64 compressed oops)
# Problematic frame:
# C  [libzip.dylib+0x30b7]  newEntry+0x154
#
# Failed to write core dump. Core dumps have been disabled. To enable core dumping, try "ulimit -c unlimited" before starting Java again
#
# If you would like to submit a bug report, please visit:
#   http://bugreport.sun.com/bugreport/crash.jsp
# The crash happened outside the Java Virtual Machine in native code.
# See problematic frame for where to report the bug.
#

---------------  T H R E A D  ---------------

Current thread (0x00007fbe2d255800):  JavaThread "Thread-1" [_thread_in_native, id=21767, stack(0x0000000119437000,0x0000000119537000)]

siginfo:si_signo=SIGBUS: si_errno=0, si_code=2 (BUS_ADRERR), si_addr=0x000000011880c6a6

Registers:
RAX=0x00007fbe2bc35ec0, RBX=0x000000011880c69a, RCX=0x0000000000000001, RDX=0x0000000000000408
RSP=0x0000000119534370, RBP=0x00000001195343d0, RSI=0x00007fbe2bc00000, RDI=0x000000010bd44a00
R8 =0x0000000000000004, R9 =0x00000000fffffff0, R10=0x000000010d2dd358, R11=0xfffffff943ba4e46
R12=0x0000000000005570, R13=0x00000001188c6000, R14=0x00007fbe2bc35ec0, R15=0x00007fbe2bdacb60
RIP=0x000000010bf890b7, EFLAGS=0x0000000000010206, ERR=0x0000000000000004
  TRAPNO=0x000000000000000e

Top of Stack: (sp=0x0000000119534370)
0x0000000119534370:   0000000000000000 0000000000000004
0x0000000119534380:   0000007b7b8b4a00 00000001195345dc
0x0000000119534390:   00000001195343b0 00007fbe2bc35ec0
0x00000001195343a0:   00007fbe2bc49bf0 0000000092f28839
0x00000001195343b0:   0000000000005570 00000001188c6000
0x00000001195343c0:   00007fbe2bc35ec0 00007fbe2bdacb60
0x00000001195343d0:   0000000119534420 000000010bf89725
0x00000001195343e0:   000000000000001f 0000001f2d255800
0x00000001195343f0:   000000011953443e 0000000119534888
0x0000000119534400:   000000000000001f 000000011953443e
0x0000000119534410:   00007fbe2bc35ec0 00007fbe2d2559e8
0x0000000119534420:   0000000119534870 000000010bf88570
0x0000000119534430:   0000000119534860 726f7fff00000001
0x0000000119534440:   7370696c63652f67 2f797474656a2f65
0x0000000119534450:   2e4f492f6c697475 0000007373616c63
0x0000000119534460:   0000000100000000 00007fff8d33408d
0x0000000119534470:   0000000000000000 5800000000000020
0x0000000119534480:   000000200cd4ef3f 0000000119534e90
0x0000000119534490:   00007fff72ab06b8 00000000ffffffff
0x00000001195344a0:   0000000100000000 0000002519536a28
0x00000001195344b0:   0000000000000001 000000010cd459d9
0x00000001195344c0:   ffffffdb195344e0 0000000000000000
0x00000001195344d0:   00007fbe2bd0a8fc 0000000000000025
0x00000001195344e0:   0000000000000001 0000000000000001
0x00000001195344f0:   0000000000000000 0000000000000000
0x0000000119534500:   0000000000000000 0000000100000000
0x0000000119534510:   00007fbe2d255800 0000000000000000
0x0000000119534520:   0000003000000010 0000000119534b00
0x0000000119534530:   0000000119534a20 00000007d598f2d0
0x0000000119534540:   0000002500000013 0000000119534e90
0x0000000119534550:   00007fff72ab06b8 00000000ffffffff
0x0000000119534560:   00007fbe2bdacf80 00007fbe2bf1c100 

Instructions: (pc=0x000000010bf890b7)
0x000000010bf89097:   49 8b 7f 38 e8 9c 1a 00 00 4d 89 77 38 49 89 5f
0x000000010bf890a7:   40 4c 89 f0 48 85 c0 0f 84 16 05 00 00 48 89 c3
0x000000010bf890b7:   0f b6 43 0c 0f b6 4b 0d 48 c1 e1 08 48 01 c1 0f
0x000000010bf890c7:   b6 43 0e 0f b6 53 0f 48 c1 e2 08 48 01 c2 48 c1 

Register to memory mapping:

RAX=0x00007fbe2bc35ec0 is an unknown value
RBX=0x000000011880c69a is an unknown value
RCX=0x0000000000000001 is an unknown value
RDX=0x0000000000000408 is an unknown value
RSP=0x0000000119534370 is pointing into the stack for thread: 0x00007fbe2d255800
RBP=0x00000001195343d0 is pointing into the stack for thread: 0x00007fbe2d255800
RSI=0x00007fbe2bc00000 is an unknown value
RDI=0x000000010bd44a00 is an unknown value
R8 =0x0000000000000004 is an unknown value
R9 =0x00000000fffffff0 is an unknown value
R10=0x000000010d2dd358 is at entry_point+88 in (nmethod*)0x000000010d2dd190
R11=0xfffffff943ba4e46 is an unknown value
R12=0x0000000000005570 is an unknown value
R13=0x00000001188c6000 is an unknown value
R14=0x00007fbe2bc35ec0 is an unknown value
R15=0x00007fbe2bdacb60 is an unknown value


Stack: [0x0000000119437000,0x0000000119537000],  sp=0x0000000119534370,  free space=1012k
Native frames: (J=compiled Java code, j=interpreted, Vv=VM code, C=native code)
C  [libzip.dylib+0x30b7]  newEntry+0x154
C  [libzip.dylib+0x3725]  ZIP_GetEntry+0xa2
C  [libzip.dylib+0x2570]  Java_java_util_zip_ZipFile_getEntry+0xdd
J 57  java.util.zip.ZipFile.getEntry(J[BZ)J (0 bytes) @ 0x000000010d2dd3ce [0x000000010d2dd300+0xce]

Java frames: (J=compiled Java code, j=interpreted, Vv=VM code)
J 57  java.util.zip.ZipFile.getEntry(J[BZ)J (0 bytes) @ 0x000000010d2dd358 [0x000000010d2dd300+0x58]
J 75 C2 sun.misc.URLClassPath.getResource(Ljava/lang/String;Z)Lsun/misc/Resource; (74 bytes) @ 0x000000010d302d6c [0x000000010d302800+0x56c]
j  java.net.URLClassLoader$1.run()Ljava/lang/Class;+26
j  java.net.URLClassLoader$1.run()Ljava/lang/Object;+1
v  ~StubRoutines::call_stub
j  java.security.AccessController.doPrivileged(Ljava/security/PrivilegedExceptionAction;Ljava/security/AccessControlContext;)Ljava/lang/Object;+0
j  java.net.URLClassLoader.findClass(Ljava/lang/String;)Ljava/lang/Class;+13
j  java.lang.ClassLoader.loadClass(Ljava/lang/String;Z)Ljava/lang/Class;+70
j  sun.misc.Launcher$AppClassLoader.loadClass(Ljava/lang/String;Z)Ljava/lang/Class;+36
j  java.lang.ClassLoader.loadClass(Ljava/lang/String;)Ljava/lang/Class;+3
v  ~StubRoutines::call_stub
j  org.eclipse.jetty.webapp.WebInfConfiguration.deconfigure(Lorg/eclipse/jetty/webapp/WebAppContext;)V+43
j  org.eclipse.jetty.webapp.WebAppContext.doStop()V+24
j  org.eclipse.jetty.util.component.AbstractLifeCycle.stop()V+30
j  org.eclipse.jetty.server.handler.HandlerCollection.doStop()V+47
j  org.eclipse.jetty.util.component.AbstractLifeCycle.stop()V+30
j  org.eclipse.jetty.server.handler.HandlerCollection.doStop()V+47
j  org.eclipse.jetty.util.component.AbstractLifeCycle.stop()V+30
j  org.eclipse.jetty.server.handler.HandlerWrapper.doStop()V+11
j  org.eclipse.jetty.server.Server.doStop()V+201
j  org.eclipse.jetty.util.component.AbstractLifeCycle.stop()V+30
j  org.eclipse.jetty.util.thread.ShutdownThread.run()V+41
v  ~StubRoutines::call_stub

---------------  P R O C E S S  ---------------

Java Threads: ( => current thread )
=>0x00007fbe2d255800 JavaThread "Thread-1" [_thread_in_native, id=21767, stack(0x0000000119437000,0x0000000119537000)]
  0x00007fbe2c895800 JavaThread "SIGINT handler" daemon [_thread_blocked, id=13067, stack(0x0000000119334000,0x0000000119434000)]
  0x00007fbe2d1aa800 JavaThread "qtp1377298654-15" [_thread_blocked, id=12039, stack(0x0000000116aa8000,0x0000000116ba8000)]
  0x00007fbe2c0ea000 JavaThread "qtp1377298654-14" [_thread_blocked, id=21255, stack(0x0000000119231000,0x0000000119331000)]
  0x00007fbe2c0e9000 JavaThread "qtp1377298654-12" [_thread_blocked, id=20739, stack(0x000000011912e000,0x000000011922e000)]
  0x00007fbe2c18d000 JavaThread "qtp1377298654-11" [_thread_blocked, id=20227, stack(0x000000011902b000,0x000000011912b000)]
  0x00007fbe2d04a000 JavaThread "Service Thread" daemon [_thread_blocked, id=17667, stack(0x00000001185ae000,0x00000001186ae000)]
  0x00007fbe2d049800 JavaThread "C2 CompilerThread1" daemon [_thread_in_native, id=17155, stack(0x00000001184ab000,0x00000001185ab000)]
  0x00007fbe2d048000 JavaThread "C2 CompilerThread0" daemon [_thread_blocked, id=16643, stack(0x00000001183a8000,0x00000001184a8000)]
  0x00007fbe2d017800 JavaThread "Signal Dispatcher" daemon [_thread_blocked, id=16167, stack(0x00000001182a5000,0x00000001183a5000)]
  0x00007fbe2d009000 JavaThread "Finalizer" daemon [_thread_blocked, id=11523, stack(0x0000000116977000,0x0000000116a77000)]
  0x00007fbe2d008000 JavaThread "Reference Handler" daemon [_thread_blocked, id=11011, stack(0x0000000116874000,0x0000000116974000)]
  0x00007fbe2c00e000 JavaThread "main" [_thread_blocked, id=3847, stack(0x000000010be3d000,0x000000010bf3d000)]

Other Threads:
  0x00007fbe2d005800 VMThread [stack: 0x0000000116771000,0x0000000116871000] [id=10499]
  0x00007fbe2d043000 WatcherThread [stack: 0x00000001186b1000,0x00000001187b1000] [id=18179]

VM state:not at safepoint (normal execution)

VM Mutex/Monitor currently owned by a thread: None

Heap
 PSYoungGen      total 38912K, used 10174K [0x00000007d5500000, 0x00000007d8000000, 0x0000000800000000)
  eden space 33792K, 15% used [0x00000007d5500000,0x00000007d59f7700,0x00000007d7600000)
  from space 5120K, 99% used [0x00000007d7600000,0x00000007d7af8278,0x00000007d7b00000)
  to   space 5120K, 0% used [0x00000007d7b00000,0x00000007d7b00000,0x00000007d8000000)
 ParOldGen       total 87040K, used 2191K [0x0000000780000000, 0x0000000785500000, 0x00000007d5500000)
  object space 87040K, 2% used [0x0000000780000000,0x0000000780223e98,0x0000000785500000)
 PSPermGen       total 21504K, used 13519K [0x000000077ae00000, 0x000000077c300000, 0x0000000780000000)
  object space 21504K, 62% used [0x000000077ae00000,0x000000077bb33db8,0x000000077c300000)

Card table byte_map: [0x000000011031f000,0x0000000110749000] byte_map_base: 0x000000010c748000

Polling page: 0x000000010bf7c000

Code Cache  [0x000000010d25f000, 0x000000010d4cf000, 0x000000011025f000)
 total_blobs=376 nmethods=98 adapters=232 free_code_cache=48479Kb largest_free_block=49617216

Compilation events (10 events):
Event: 28,279 Thread 0x00007fbe2d048000 nmethod 94 0x000000010d2fba10 code [0x000000010d2fbb80, 0x000000010d2fc048]
Event: 28,821 Thread 0x00007fbe2d049800   95   !         java.io.Writer::write (52 bytes)
Event: 28,821 Thread 0x00007fbe2d048000   96             java.lang.Character::isISOControl (5 bytes)
Event: 28,821 Thread 0x00007fbe2d048000 nmethod 96 0x000000010d2fb810 code [0x000000010d2fb940, 0x000000010d2fb998]
Event: 28,821 Thread 0x00007fbe2d048000   97             java.lang.Character::isISOControl (25 bytes)
Event: 28,822 Thread 0x00007fbe2d048000 nmethod 97 0x000000010d2fffd0 code [0x000000010d300100, 0x000000010d300158]
Event: 28,822 Thread 0x00007fbe2d048000   98             org.eclipse.jetty.server.handler.ErrorHandler::write (125 bytes)
Event: 28,825 Thread 0x00007fbe2d049800 nmethod 95 0x000000010d2ff810 code [0x000000010d2ff980, 0x000000010d2ffe28]
Event: 28,833 Thread 0x00007fbe2d048000 nmethod 98 0x000000010d3094d0 code [0x000000010d3097a0, 0x000000010d309fb8]
Event: 57,052 Thread 0x00007fbe2d049800   99             sun.nio.cs.UTF_8$Decoder::decode (640 bytes)

GC Heap History (2 events):
Event: 2,103 GC heap before
{Heap before GC invocations=1 (full 0):
 PSYoungGen      total 38912K, used 33792K [0x00000007d5500000, 0x00000007d8000000, 0x0000000800000000)
  eden space 33792K, 100% used [0x00000007d5500000,0x00000007d7600000,0x00000007d7600000)
  from space 5120K, 0% used [0x00000007d7b00000,0x00000007d7b00000,0x00000007d8000000)
  to   space 5120K, 0% used [0x00000007d7600000,0x00000007d7600000,0x00000007d7b00000)
 ParOldGen       total 87040K, used 0K [0x0000000780000000, 0x0000000785500000, 0x00000007d5500000)
  object space 87040K, 0% used [0x0000000780000000,0x0000000780000000,0x0000000785500000)
 PSPermGen       total 21504K, used 12776K [0x000000077ae00000, 0x000000077c300000, 0x0000000780000000)
  object space 21504K, 59% used [0x000000077ae00000,0x000000077ba7a020,0x000000077c300000)
Event: 2,115 GC heap after
Heap after GC invocations=1 (full 0):
 PSYoungGen      total 38912K, used 5088K [0x00000007d5500000, 0x00000007d8000000, 0x0000000800000000)
  eden space 33792K, 0% used [0x00000007d5500000,0x00000007d5500000,0x00000007d7600000)
  from space 5120K, 99% used [0x00000007d7600000,0x00000007d7af8278,0x00000007d7b00000)
  to   space 5120K, 0% used [0x00000007d7b00000,0x00000007d7b00000,0x00000007d8000000)
 ParOldGen       total 87040K, used 2191K [0x0000000780000000, 0x0000000785500000, 0x00000007d5500000)
  object space 87040K, 2% used [0x0000000780000000,0x0000000780223e98,0x0000000785500000)
 PSPermGen       total 21504K, used 12776K [0x000000077ae00000, 0x000000077c300000, 0x0000000780000000)
  object space 21504K, 59% used [0x000000077ae00000,0x000000077ba7a020,0x000000077c300000)
}

Deoptimization events (10 events):
Event: 0,136 Thread 0x00007fbe2c00e000 Uncommon trap: reason=null_check action=make_not_entrant pc=0x000000010d2c93e4 method=java.lang.String.equals(Ljava/lang/Object;)Z @ 8
Event: 1,125 Thread 0x00007fbe2c00e000 Uncommon trap: reason=class_check action=maybe_recompile pc=0x000000010d2c4244 method=java.util.Properties$LineReader.readLine()I @ 62
Event: 1,125 Thread 0x00007fbe2c00e000 Uncommon trap: reason=class_check action=maybe_recompile pc=0x000000010d2c4244 method=java.util.Properties$LineReader.readLine()I @ 62
Event: 1,131 Thread 0x00007fbe2c00e000 Uncommon trap: reason=class_check action=maybe_recompile pc=0x000000010d2c4244 method=java.util.Properties$LineReader.readLine()I @ 62
Event: 1,131 Thread 0x00007fbe2c00e000 Uncommon trap: reason=class_check action=maybe_recompile pc=0x000000010d2c4244 method=java.util.Properties$LineReader.readLine()I @ 62
Event: 1,159 Thread 0x00007fbe2c00e000 Uncommon trap: reason=class_check action=maybe_recompile pc=0x000000010d2e825c method=java.util.HashMap.put(Ljava/lang/Object;Ljava/lang/Object;)Ljava/lang/Object; @ 105
Event: 1,159 Thread 0x00007fbe2c00e000 Uncommon trap: reason=class_check action=maybe_recompile pc=0x000000010d2e825c method=java.util.HashMap.put(Ljava/lang/Object;Ljava/lang/Object;)Ljava/lang/Object; @ 105
Event: 1,159 Thread 0x00007fbe2c00e000 Uncommon trap: reason=class_check action=maybe_recompile pc=0x000000010d2e825c method=java.util.HashMap.put(Ljava/lang/Object;Ljava/lang/Object;)Ljava/lang/Object; @ 105
Event: 1,159 Thread 0x00007fbe2c00e000 Uncommon trap: reason=class_check action=maybe_recompile pc=0x000000010d2e825c method=java.util.HashMap.put(Ljava/lang/Object;Ljava/lang/Object;)Ljava/lang/Object; @ 105
Event: 1,161 Thread 0x00007fbe2c00e000 Uncommon trap: reason=unreached action=reinterpret pc=0x000000010d2e6dec method=java.lang.AbstractStringBuilder.append(Ljava/lang/String;)Ljava/lang/AbstractStringBuilder; @ 1

Internal exceptions (10 events):
Event: 28,224 Thread 0x00007fbe2d1aa800 Threw 0x00000007d5873178 at /HUDSON/workspace/7u-2-build-macosx-x86_64/jdk7u67/1368/hotspot/src/share/vm/prims/jvm.cpp:1244
Event: 57,052 Thread 0x00007fbe2c0e9000 Threw 0x00000007d5559188 at /HUDSON/workspace/7u-2-build-macosx-x86_64/jdk7u67/1368/hotspot/src/share/vm/prims/jni.cpp:717
Event: 57,064 Thread 0x00007fbe2d255800 Threw 0x00000007d59897c0 at /HUDSON/workspace/7u-2-build-macosx-x86_64/jdk7u67/1368/hotspot/src/share/vm/prims/jvm.cpp:1244
Event: 57,064 Thread 0x00007fbe2d255800 Threw 0x00000007d5989c48 at /HUDSON/workspace/7u-2-build-macosx-x86_64/jdk7u67/1368/hotspot/src/share/vm/prims/jvm.cpp:1244
Event: 57,064 Thread 0x00007fbe2d255800 Threw 0x00000007d5989f70 at /HUDSON/workspace/7u-2-build-macosx-x86_64/jdk7u67/1368/hotspot/src/share/vm/prims/jvm.cpp:1244
Event: 57,065 Thread 0x00007fbe2d255800 Threw 0x00000007d598b038 at /HUDSON/workspace/7u-2-build-macosx-x86_64/jdk7u67/1368/hotspot/src/share/vm/prims/jvm.cpp:1244
Event: 57,065 Thread 0x00007fbe2d255800 Threw 0x00000007d598b4c0 at /HUDSON/workspace/7u-2-build-macosx-x86_64/jdk7u67/1368/hotspot/src/share/vm/prims/jvm.cpp:1244
Event: 57,065 Thread 0x00007fbe2d255800 Threw 0x00000007d598c638 at /HUDSON/workspace/7u-2-build-macosx-x86_64/jdk7u67/1368/hotspot/src/share/vm/prims/jvm.cpp:1244
Event: 57,065 Thread 0x00007fbe2d255800 Threw 0x00000007d598cac0 at /HUDSON/workspace/7u-2-build-macosx-x86_64/jdk7u67/1368/hotspot/src/share/vm/prims/jvm.cpp:1244
Event: 57,065 Thread 0x00007fbe2d255800 Threw 0x00000007d598f320 at /HUDSON/workspace/7u-2-build-macosx-x86_64/jdk7u67/1368/hotspot/src/share/vm/prims/jvm.cpp:1244

Events (10 events):
Event: 57,063 Executing VM operation: RevokeBias done
Event: 57,064 Thread 0x00007fbe2d28c000 Thread exited: 0x00007fbe2d28c000
Event: 57,064 loading class 0x00007fbe2bc82c80
Event: 57,064 loading class 0x00007fbe2bc82c80 done
Event: 57,065 loading class 0x00007fbe2bc82c80
Event: 57,065 loading class 0x00007fbe2bc82c80 done
Event: 57,065 loading class 0x00007fbe2bc82c80
Event: 57,065 loading class 0x00007fbe2bc82c80 done
Event: 57,065 loading class 0x00007fbe2bd68e50
Event: 57,065 loading class 0x00007fbe2bd68e50 done


Dynamic libraries:
0x0000000000c23000 	/System/Library/Frameworks/Cocoa.framework/Versions/A/Cocoa
0x0000000000c23000 	/System/Library/Frameworks/Security.framework/Versions/A/Security
0x0000000000c23000 	/System/Library/Frameworks/ApplicationServices.framework/Versions/A/ApplicationServices
0x0000000000c23000 	/usr/lib/libz.1.dylib
0x0000000000c23000 	/usr/lib/libSystem.B.dylib
0x0000000000c23000 	/usr/lib/libobjc.A.dylib
0x0000000000c23000 	/System/Library/Frameworks/CoreFoundation.framework/Versions/A/CoreFoundation
0x0000000000c23000 	/System/Library/Frameworks/Foundation.framework/Versions/C/Foundation
0x0000000000c23000 	/System/Library/Frameworks/AppKit.framework/Versions/C/AppKit
0x0000000000c23000 	/System/Library/Frameworks/CoreData.framework/Versions/A/CoreData
0x0000000000c23000 	/System/Library/PrivateFrameworks/RemoteViewServices.framework/Versions/A/RemoteViewServices
0x0000000000c23000 	/System/Library/PrivateFrameworks/UIFoundation.framework/Versions/A/UIFoundation
0x0000000000c23000 	/System/Library/Frameworks/IOSurface.framework/Versions/A/IOSurface
0x0000000000c23000 	/System/Library/Frameworks/AudioToolbox.framework/Versions/A/AudioToolbox
0x0000000000c23000 	/System/Library/Frameworks/AudioUnit.framework/Versions/A/AudioUnit
0x0000000000c23000 	/System/Library/PrivateFrameworks/DataDetectorsCore.framework/Versions/A/DataDetectorsCore
0x0000000000c23000 	/System/Library/PrivateFrameworks/DesktopServicesPriv.framework/Versions/A/DesktopServicesPriv
0x0000000000c23000 	/System/Library/Frameworks/Carbon.framework/Versions/A/Frameworks/HIToolbox.framework/Versions/A/HIToolbox
0x0000000000c23000 	/System/Library/Frameworks/QuartzCore.framework/Versions/A/QuartzCore
0x0000000000c23000 	/System/Library/Frameworks/Carbon.framework/Versions/A/Frameworks/SpeechRecognition.framework/Versions/A/SpeechRecognition
0x0000000000c23000 	/usr/lib/libauto.dylib
0x0000000000c23000 	/usr/lib/libicucore.A.dylib
0x0000000000c23000 	/usr/lib/libxml2.2.dylib
0x0000000000c23000 	/System/Library/PrivateFrameworks/CoreUI.framework/Versions/A/CoreUI
0x0000000000c23000 	/System/Library/Frameworks/CoreAudio.framework/Versions/A/CoreAudio
0x0000000000c23000 	/System/Library/Frameworks/DiskArbitration.framework/Versions/A/DiskArbitration
0x0000000000c23000 	/usr/lib/liblangid.dylib
0x0000000000c23000 	/System/Library/PrivateFrameworks/MultitouchSupport.framework/Versions/A/MultitouchSupport
0x0000000000c23000 	/System/Library/Frameworks/IOKit.framework/Versions/A/IOKit
0x0000000000c23000 	/usr/lib/libDiagnosticMessagesClient.dylib
0x0000000000c23000 	/System/Library/Frameworks/CoreServices.framework/Versions/A/CoreServices
0x0000000000c23000 	/System/Library/PrivateFrameworks/PerformanceAnalysis.framework/Versions/A/PerformanceAnalysis
0x0000000000c23000 	/System/Library/PrivateFrameworks/GenerationalStorage.framework/Versions/A/GenerationalStorage
0x0000000000c23000 	/System/Library/Frameworks/OpenGL.framework/Versions/A/OpenGL
0x0000000000c23000 	/System/Library/PrivateFrameworks/Sharing.framework/Versions/A/Sharing
0x0000000000c23000 	/System/Library/Frameworks/CoreGraphics.framework/Versions/A/CoreGraphics
0x0000000000c23000 	/System/Library/Frameworks/CoreText.framework/Versions/A/CoreText
0x0000000000c23000 	/System/Library/Frameworks/ImageIO.framework/Versions/A/ImageIO
0x0000000000c23000 	/usr/lib/libextension.dylib
0x0000000000c23000 	/System/Library/PrivateFrameworks/Backup.framework/Versions/A/Backup
0x0000000000c23000 	/usr/lib/libarchive.2.dylib
0x0000000000c23000 	/System/Library/Frameworks/CFNetwork.framework/Versions/A/CFNetwork
0x0000000000c23000 	/System/Library/Frameworks/SystemConfiguration.framework/Versions/A/SystemConfiguration
0x0000000000c23000 	/usr/lib/libCRFSuite.dylib
0x0000000000c23000 	/usr/lib/libc++.1.dylib
0x0000000000c23000 	/usr/lib/libc++abi.dylib
0x0000000000c23000 	/usr/lib/system/libcache.dylib
0x0000000000c23000 	/usr/lib/system/libcommonCrypto.dylib
0x0000000000c23000 	/usr/lib/system/libcompiler_rt.dylib
0x0000000000c23000 	/usr/lib/system/libcopyfile.dylib
0x0000000000c23000 	/usr/lib/system/libcorecrypto.dylib
0x0000000000c23000 	/usr/lib/system/libdispatch.dylib
0x0000000000c23000 	/usr/lib/system/libdyld.dylib
0x0000000000c23000 	/usr/lib/system/libkeymgr.dylib
0x0000000000c23000 	/usr/lib/system/liblaunch.dylib
0x0000000000c23000 	/usr/lib/system/libmacho.dylib
0x0000000000c23000 	/usr/lib/system/libquarantine.dylib
0x0000000000c23000 	/usr/lib/system/libremovefile.dylib
0x0000000000c23000 	/usr/lib/system/libsystem_asl.dylib
0x0000000000c23000 	/usr/lib/system/libsystem_blocks.dylib
0x0000000000c23000 	/usr/lib/system/libsystem_c.dylib
0x0000000000c23000 	/usr/lib/system/libsystem_configuration.dylib
0x0000000000c23000 	/usr/lib/system/libsystem_coreservices.dylib
0x0000000000c23000 	/usr/lib/system/libsystem_coretls.dylib
0x0000000000c23000 	/usr/lib/system/libsystem_dnssd.dylib
0x0000000000c23000 	/usr/lib/system/libsystem_info.dylib
0x0000000000c23000 	/usr/lib/system/libsystem_kernel.dylib
0x0000000000c23000 	/usr/lib/system/libsystem_m.dylib
0x0000000000c23000 	/usr/lib/system/libsystem_malloc.dylib
0x0000000000c23000 	/usr/lib/system/libsystem_network.dylib
0x0000000000c23000 	/usr/lib/system/libsystem_networkextension.dylib
0x0000000000c23000 	/usr/lib/system/libsystem_notify.dylib
0x0000000000c23000 	/usr/lib/system/libsystem_platform.dylib
0x0000000000c23000 	/usr/lib/system/libsystem_pthread.dylib
0x0000000000c23000 	/usr/lib/system/libsystem_sandbox.dylib
0x0000000000c23000 	/usr/lib/system/libsystem_secinit.dylib
0x0000000000c23000 	/usr/lib/system/libsystem_stats.dylib
0x0000000000c23000 	/usr/lib/system/libsystem_trace.dylib
0x0000000000c23000 	/usr/lib/system/libunc.dylib
0x0000000000c23000 	/usr/lib/system/libunwind.dylib
0x0000000000c23000 	/usr/lib/system/libxpc.dylib
0x0000000000c23000 	/usr/lib/libbz2.1.0.dylib
0x0000000000c23000 	/usr/lib/liblzma.5.dylib
0x0000000000c23000 	/usr/lib/libbsm.0.dylib
0x0000000000c23000 	/usr/lib/libsqlite3.dylib
0x0000000000c23000 	/usr/lib/system/libkxld.dylib
0x0000000000c23000 	/usr/lib/libxar.1.dylib
0x0000000000c23000 	/usr/lib/libpam.2.dylib
0x0000000000c23000 	/usr/lib/libOpenScriptingUtil.dylib
0x0000000000c23000 	/System/Library/Frameworks/CoreServices.framework/Versions/A/Frameworks/FSEvents.framework/Versions/A/FSEvents
0x0000000000c23000 	/System/Library/Frameworks/CoreServices.framework/Versions/A/Frameworks/CarbonCore.framework/Versions/A/CarbonCore
0x0000000000c23000 	/System/Library/Frameworks/CoreServices.framework/Versions/A/Frameworks/Metadata.framework/Versions/A/Metadata
0x0000000000c23000 	/System/Library/Frameworks/CoreServices.framework/Versions/A/Frameworks/OSServices.framework/Versions/A/OSServices
0x0000000000c23000 	/System/Library/Frameworks/CoreServices.framework/Versions/A/Frameworks/SearchKit.framework/Versions/A/SearchKit
0x0000000000c23000 	/System/Library/Frameworks/CoreServices.framework/Versions/A/Frameworks/AE.framework/Versions/A/AE
0x0000000000c23000 	/System/Library/Frameworks/CoreServices.framework/Versions/A/Frameworks/LaunchServices.framework/Versions/A/LaunchServices
0x0000000000c23000 	/System/Library/Frameworks/CoreServices.framework/Versions/A/Frameworks/DictionaryServices.framework/Versions/A/DictionaryServices
0x0000000000c23000 	/System/Library/Frameworks/NetFS.framework/Versions/A/NetFS
0x0000000000c23000 	/System/Library/PrivateFrameworks/NetAuth.framework/Versions/A/NetAuth
0x0000000000c23000 	/System/Library/PrivateFrameworks/login.framework/Versions/A/Frameworks/loginsupport.framework/Versions/A/loginsupport
0x0000000000c23000 	/System/Library/PrivateFrameworks/TCC.framework/Versions/A/TCC
0x0000000000c23000 	/usr/lib/libmecabra.dylib
0x0000000000c23000 	/System/Library/PrivateFrameworks/LanguageModeling.framework/Versions/A/LanguageModeling
0x0000000000c23000 	/usr/lib/libcmph.dylib
0x0000000000c23000 	/usr/lib/libiconv.2.dylib
0x0000000000c23000 	/System/Library/Frameworks/OpenDirectory.framework/Versions/A/Frameworks/CFOpenDirectory.framework/Versions/A/CFOpenDirectory
0x0000000000c23000 	/System/Library/Frameworks/ServiceManagement.framework/Versions/A/ServiceManagement
0x0000000000c23000 	/usr/lib/libxslt.1.dylib
0x0000000000c23000 	/System/Library/Frameworks/Carbon.framework/Versions/A/Frameworks/Ink.framework/Versions/A/Ink
0x0000000000c23000 	/System/Library/Frameworks/ApplicationServices.framework/Versions/A/Frameworks/ATS.framework/Versions/A/ATS
0x0000000000c23000 	/System/Library/Frameworks/ApplicationServices.framework/Versions/A/Frameworks/ColorSync.framework/Versions/A/ColorSync
0x0000000000c23000 	/System/Library/Frameworks/ApplicationServices.framework/Versions/A/Frameworks/HIServices.framework/Versions/A/HIServices
0x0000000000c23000 	/System/Library/Frameworks/ApplicationServices.framework/Versions/A/Frameworks/LangAnalysis.framework/Versions/A/LangAnalysis
0x0000000000c23000 	/System/Library/Frameworks/ApplicationServices.framework/Versions/A/Frameworks/PrintCore.framework/Versions/A/PrintCore
0x0000000000c23000 	/System/Library/Frameworks/ApplicationServices.framework/Versions/A/Frameworks/QD.framework/Versions/A/QD
0x0000000000c23000 	/System/Library/Frameworks/ApplicationServices.framework/Versions/A/Frameworks/SpeechSynthesis.framework/Versions/A/SpeechSynthesis
0x0000000000c23000 	/System/Library/Frameworks/Accelerate.framework/Versions/A/Accelerate
0x0000000000c23000 	/System/Library/Frameworks/Accelerate.framework/Versions/A/Frameworks/vImage.framework/Versions/A/vImage
0x0000000000c23000 	/System/Library/Frameworks/Accelerate.framework/Versions/A/Frameworks/vecLib.framework/Versions/A/vecLib
0x0000000000c23000 	/System/Library/Frameworks/Accelerate.framework/Versions/A/Frameworks/vecLib.framework/Versions/A/libvDSP.dylib
0x0000000000c23000 	/System/Library/Frameworks/Accelerate.framework/Versions/A/Frameworks/vecLib.framework/Versions/A/libvMisc.dylib
0x0000000000c23000 	/System/Library/Frameworks/Accelerate.framework/Versions/A/Frameworks/vecLib.framework/Versions/A/libLAPACK.dylib
0x0000000000c23000 	/System/Library/Frameworks/Accelerate.framework/Versions/A/Frameworks/vecLib.framework/Versions/A/libBLAS.dylib
0x0000000000c23000 	/System/Library/Frameworks/Accelerate.framework/Versions/A/Frameworks/vecLib.framework/Versions/A/libLinearAlgebra.dylib
0x0000000000c23000 	/System/Library/Frameworks/ApplicationServices.framework/Versions/A/Frameworks/ATS.framework/Versions/A/Resources/libFontParser.dylib
0x0000000000c23000 	/System/Library/Frameworks/ApplicationServices.framework/Versions/A/Frameworks/ATS.framework/Versions/A/Resources/libFontRegistry.dylib
0x0000000000c23000 	/System/Library/PrivateFrameworks/AppleVPA.framework/Versions/A/AppleVPA
0x0000000000c23000 	/System/Library/PrivateFrameworks/AppleJPEG.framework/Versions/A/AppleJPEG
0x0000000000c23000 	/System/Library/Frameworks/ImageIO.framework/Versions/A/Resources/libJPEG.dylib
0x0000000000c23000 	/System/Library/Frameworks/ImageIO.framework/Versions/A/Resources/libTIFF.dylib
0x0000000000c23000 	/System/Library/Frameworks/ImageIO.framework/Versions/A/Resources/libPng.dylib
0x0000000000c23000 	/System/Library/Frameworks/ImageIO.framework/Versions/A/Resources/libGIF.dylib
0x0000000000c23000 	/System/Library/Frameworks/ImageIO.framework/Versions/A/Resources/libJP2.dylib
0x0000000000c23000 	/System/Library/Frameworks/ImageIO.framework/Versions/A/Resources/libRadiance.dylib
0x0000000000c23000 	/System/Library/Frameworks/CoreVideo.framework/Versions/A/CoreVideo
0x0000000000c23000 	/System/Library/Frameworks/OpenGL.framework/Versions/A/Libraries/libGLU.dylib
0x0000000000c23000 	/System/Library/Frameworks/OpenGL.framework/Versions/A/Libraries/libGFXShared.dylib
0x0000000000c23000 	/System/Library/Frameworks/OpenGL.framework/Versions/A/Libraries/libGL.dylib
0x0000000000c23000 	/System/Library/Frameworks/OpenGL.framework/Versions/A/Libraries/libGLImage.dylib
0x0000000000c23000 	/System/Library/Frameworks/OpenGL.framework/Versions/A/Libraries/libCVMSPluginSupport.dylib
0x0000000000c23000 	/System/Library/Frameworks/OpenGL.framework/Versions/A/Libraries/libCoreVMClient.dylib
0x0000000000c23000 	/usr/lib/libcups.2.dylib
0x0000000000c23000 	/System/Library/Frameworks/Kerberos.framework/Versions/A/Kerberos
0x0000000000c23000 	/System/Library/Frameworks/GSS.framework/Versions/A/GSS
0x0000000000c23000 	/usr/lib/libresolv.9.dylib
0x0000000000c23000 	/System/Library/PrivateFrameworks/Heimdal.framework/Versions/A/Heimdal
0x0000000000c23000 	/usr/lib/libheimdal-asn1.dylib
0x0000000000c23000 	/System/Library/Frameworks/OpenDirectory.framework/Versions/A/OpenDirectory
0x0000000000c23000 	/System/Library/PrivateFrameworks/CommonAuth.framework/Versions/A/CommonAuth
0x0000000000c23000 	/System/Library/Frameworks/SecurityFoundation.framework/Versions/A/SecurityFoundation
0x0000000000c23000 	/System/Library/Frameworks/QuartzCore.framework/Versions/A/Frameworks/CoreImage.framework/Versions/A/CoreImage
0x0000000000c23000 	/System/Library/PrivateFrameworks/CrashReporterSupport.framework/Versions/A/CrashReporterSupport
0x0000000000c23000 	/System/Library/Frameworks/OpenCL.framework/Versions/A/OpenCL
0x0000000000c23000 	/System/Library/PrivateFrameworks/FaceCore.framework/Versions/A/FaceCore
0x0000000000c23000 	/System/Library/PrivateFrameworks/Ubiquity.framework/Versions/A/Ubiquity
0x0000000000c23000 	/System/Library/PrivateFrameworks/IconServices.framework/Versions/A/IconServices
0x0000000000c23000 	/System/Library/PrivateFrameworks/ChunkingLibrary.framework/Versions/A/ChunkingLibrary
0x0000000000c23000 	/System/Library/PrivateFrameworks/Apple80211.framework/Versions/A/Apple80211
0x0000000000c23000 	/System/Library/Frameworks/CoreWLAN.framework/Versions/A/CoreWLAN
0x0000000000c23000 	/System/Library/Frameworks/IOBluetooth.framework/Versions/A/IOBluetooth
0x0000000000c23000 	/System/Library/PrivateFrameworks/CoreWiFi.framework/Versions/A/CoreWiFi
0x0000000000c23000 	/System/Library/Frameworks/CoreBluetooth.framework/Versions/A/CoreBluetooth
0x0000000000c23000 	/System/Library/PrivateFrameworks/DebugSymbols.framework/Versions/A/DebugSymbols
0x0000000000c23000 	/System/Library/PrivateFrameworks/CoreSymbolication.framework/Versions/A/CoreSymbolication
0x0000000000c23000 	/System/Library/PrivateFrameworks/Symbolication.framework/Versions/A/Symbolication
0x0000000000c23000 	/System/Library/PrivateFrameworks/SpeechRecognitionCore.framework/Versions/A/SpeechRecognitionCore
0x000000010c800000 	/Library/Java/JavaVirtualMachines/jdk1.7.0_67.jdk/Contents/Home/jre/lib/server/libjvm.dylib
0x0000000000c23000 	/usr/lib/libstdc++.6.dylib
0x000000010bf3f000 	/Library/Java/JavaVirtualMachines/jdk1.7.0_67.jdk/Contents/Home/jre/lib/libverify.dylib
0x000000010bf4c000 	/Library/Java/JavaVirtualMachines/jdk1.7.0_67.jdk/Contents/Home/jre/lib/libjava.dylib
0x000000010bf86000 	/Library/Java/JavaVirtualMachines/jdk1.7.0_67.jdk/Contents/Home/jre/lib/libzip.dylib
0x000000010bfe3000 	/System/Library/Frameworks/JavaVM.framework/Frameworks/JavaRuntimeSupport.framework/JavaRuntimeSupport
0x0000000116a79000 	/System/Library/Frameworks/JavaVM.framework/Versions/A/Frameworks/JavaNativeFoundation.framework/Versions/A/JavaNativeFoundation
0x0000000116a8e000 	/System/Library/Frameworks/JavaVM.framework/Versions/A/JavaVM
0x0000000000c23000 	/System/Library/Frameworks/Carbon.framework/Versions/A/Carbon
0x0000000116a9b000 	/System/Library/PrivateFrameworks/JavaLaunching.framework/Versions/A/JavaLaunching
0x0000000000c23000 	/System/Library/Frameworks/Carbon.framework/Versions/A/Frameworks/CommonPanels.framework/Versions/A/CommonPanels
0x0000000000c23000 	/System/Library/Frameworks/Carbon.framework/Versions/A/Frameworks/Help.framework/Versions/A/Help
0x0000000000c23000 	/System/Library/Frameworks/Carbon.framework/Versions/A/Frameworks/ImageCapture.framework/Versions/A/ImageCapture
0x0000000000c23000 	/System/Library/Frameworks/Carbon.framework/Versions/A/Frameworks/OpenScripting.framework/Versions/A/OpenScripting
0x0000000000c23000 	/System/Library/Frameworks/Carbon.framework/Versions/A/Frameworks/Print.framework/Versions/A/Print
0x0000000000c23000 	/System/Library/Frameworks/Carbon.framework/Versions/A/Frameworks/SecurityHI.framework/Versions/A/SecurityHI
0x00000001189fb000 	/Library/Java/JavaVirtualMachines/jdk1.7.0_67.jdk/Contents/Home/jre/lib/libnet.dylib
0x0000000118bc8000 	/Library/Java/JavaVirtualMachines/jdk1.7.0_67.jdk/Contents/Home/jre/lib/libnio.dylib

VM Arguments:
java_command: myapp.AppServer
Launcher Type: SUN_STANDARD

Environment Variables:
PATH=/usr/local/bin:/usr/bin:/bin:/usr/sbin:/sbin:/opt/X11/bin:/usr/local/git/bin:/usr/texbin
SHELL=/bin/bash
DISPLAY=/private/tmp/com.apple.launchd.o28gIjt5Wz/org.macosforge.xquartz:0

Signal Handlers:
SIGSEGV: [libjvm.dylib+0x52b6c9], sa_mask[0]=0xfffefeff, sa_flags=0x00000043
SIGBUS: [libjvm.dylib+0x52b6c9], sa_mask[0]=0xfffefeff, sa_flags=0x00000042
SIGFPE: [libjvm.dylib+0x41deaa], sa_mask[0]=0xfffefeff, sa_flags=0x00000042
SIGPIPE: [libjvm.dylib+0x41deaa], sa_mask[0]=0xfffefeff, sa_flags=0x00000042
SIGXFSZ: [libjvm.dylib+0x41deaa], sa_mask[0]=0xfffefeff, sa_flags=0x00000042
SIGILL: [libjvm.dylib+0x41deaa], sa_mask[0]=0xfffefeff, sa_flags=0x00000042
SIGUSR1: SIG_DFL, sa_mask[0]=0x63807efb, sa_flags=0x00000000
SIGUSR2: [libjvm.dylib+0x41d99c], sa_mask[0]=0x00000000, sa_flags=0x00000042
SIGHUP: [libjvm.dylib+0x41bc2d], sa_mask[0]=0xfffefeff, sa_flags=0x00000042
SIGINT: [libjvm.dylib+0x41bc2d], sa_mask[0]=0xfffefeff, sa_flags=0x00000042
SIGTERM: [libjvm.dylib+0x41bc2d], sa_mask[0]=0xfffefeff, sa_flags=0x00000042
SIGQUIT: [libjvm.dylib+0x41bc2d], sa_mask[0]=0xfffefeff, sa_flags=0x00000042


---------------  S Y S T E M  ---------------

OS:Bsduname:Darwin 14.0.0 Darwin Kernel Version 14.0.0: Fri Sep 19 00:26:44 PDT 2014; root:xnu-2782.1.97~2/RELEASE_X86_64 x86_64
rlimit: STACK 8192k, CORE 0k, NPROC 709, NOFILE 10240, AS infinity
load average:1,43 1,68 1,71

CPU:total 4 (2 cores per cpu, 2 threads per core) family 6 model 69 stepping 1, cmov, cx8, fxsr, mmx, sse, sse2, sse3, ssse3, sse4.1, sse4.2, popcnt, avx, avx2, aes, erms, ht, tsc, tscinvbit

Memory: 4k page, physical 8388608k(2097152k free)

/proc/meminfo:


vm_info: Java HotSpot(TM) 64-Bit Server VM (24.65-b04) for bsd-amd64 JRE (1.7.0_67-b01), built on Jul 25 2014 08:51:51 by "java_re" with gcc 4.2.1 (Based on Apple Inc. build 5658) (LLVM build 2336.11.00)

time: Thu Oct 30 21:16:36 2014
elapsed time: 57 seconds

